#
# There is insufficient memory for the Java Runtime Environment to continue.
# Native memory allocation (malloc) failed to allocate 32744 bytes for ChunkPool::allocate
# Possible reasons:
#   The system is out of physical RAM or swap space
#   The process is running with CompressedOops enabled, and the Java Heap may be blocking the growth of the native heap
# Possible solutions:
#   Reduce memory load on the system
#   Increase physical memory or swap space
#   Check if swap backing store is full
#   Decrease Java heap size (-Xmx/-Xms)
#   Decrease number of Java threads
#   Decrease Java thread stack sizes (-Xss)
#   Set larger code cache with -XX:ReservedCodeCacheSize=
#   JVM is running with Unscaled Compressed Oops mode in which the Java heap is
#     placed in the first 4GB address space. The Java Heap base address is the
#     maximum limit for the native heap growth. Please use -XX:HeapBaseMinAddress
#     to set the Java Heap base and to place the Java Heap above 4GB virtual address.
# This output file may be truncated or incomplete.
#
#  Out of Memory Error (allocation.cpp:272), pid=3684, tid=0x0000000000001294
#
# JRE version: Java(TM) SE Runtime Environment (8.0_202-b08) (build 1.8.0_202-b08)
# Java VM: Java HotSpot(TM) 64-Bit Server VM (25.202-b08 mixed mode windows-amd64 compressed oops)
# Failed to write core dump. Minidumps are not enabled by default on client versions of Windows
#

---------------  T H R E A D  ---------------

Current thread (0x0000000017d1e000):  JavaThread "C1 CompilerThread2" daemon [_thread_in_native, id=4756, stack(0x0000000019590000,0x0000000019690000)]

Stack: [0x0000000019590000,0x0000000019690000]
[error occurred during error reporting (printing stack bounds), id 0xc0000005]

Native frames: (J=compiled Java code, j=interpreted, Vv=VM code, C=native code)


Current CompileTask:
C1:   1259 1047   !   3       com.sun.org.apache.xerces.internal.impl.XMLDocumentFragmentScannerImpl$FragmentContentDriver::next (2346 bytes)


---------------  P R O C E S S  ---------------

Java Threads: ( => current thread )
  0x000000001a2a2000 JavaThread "Prism Font Disposer" daemon [_thread_blocked, id=9344, stack(0x0000000022c50000,0x0000000022d50000)]
  0x000000001a0fa800 JavaThread "Thread-3" daemon [_thread_in_native, id=5008, stack(0x000000001f610000,0x000000001f710000)]
  0x000000001a0df000 JavaThread "JavaFX-Launcher" [_thread_blocked, id=25888, stack(0x000000001f710000,0x000000001f810000)]
  0x0000000019a8d800 JavaThread "JavaFX Application Thread" [_thread_in_vm, id=24544, stack(0x000000001aa30000,0x000000001ab30000)]
  0x0000000019a89800 JavaThread "Thread-1" daemon [_thread_blocked, id=17200, stack(0x000000001a930000,0x000000001aa30000)]
  0x0000000019a54000 JavaThread "QuantumRenderer-0" daemon [_thread_blocked, id=10060, stack(0x0000000019e70000,0x0000000019f70000)]
  0x00000000196c0800 JavaThread "Service Thread" daemon [_thread_blocked, id=1404, stack(0x0000000019a90000,0x0000000019b90000)]
=>0x0000000017d1e000 JavaThread "C1 CompilerThread2" daemon [_thread_in_native, id=4756, stack(0x0000000019590000,0x0000000019690000)]
  0x0000000017d08000 JavaThread "C2 CompilerThread1" daemon [_thread_in_native, id=22712, stack(0x0000000019490000,0x0000000019590000)]
  0x0000000017d01800 JavaThread "C2 CompilerThread0" daemon [_thread_in_native, id=7456, stack(0x0000000019390000,0x0000000019490000)]
  0x0000000017cfd800 JavaThread "Attach Listener" daemon [_thread_blocked, id=10368, stack(0x0000000019290000,0x0000000019390000)]
  0x0000000017cfc000 JavaThread "Signal Dispatcher" daemon [_thread_blocked, id=17768, stack(0x0000000019190000,0x0000000019290000)]
  0x0000000017cea800 JavaThread "Finalizer" daemon [_thread_blocked, id=19840, stack(0x0000000018f60000,0x0000000019060000)]
  0x0000000003200800 JavaThread "Reference Handler" daemon [_thread_blocked, id=18564, stack(0x0000000018e60000,0x0000000018f60000)]
  0x0000000003112800 JavaThread "main" [_thread_blocked, id=11016, stack(0x0000000002fb0000,0x00000000030b0000)]

Other Threads:
  0x0000000017cc8000 VMThread [stack: 0x0000000018d60000,0x0000000018e60000] [id=24304]
  0x0000000017d5e800 WatcherThread [stack: 0x0000000019b90000,0x0000000019c90000] [id=19288]

VM state:not at safepoint (normal execution)

VM Mutex/Monitor currently owned by a thread: None

heap address: 0x0000000082000000, size: 2016 MB, Compressed Oops mode: 32-bit
Narrow klass base: 0x0000000000000000, Narrow klass shift: 3
Compressed class space size: 1073741824 Address: 0x0000000100000000

Heap:
 PSYoungGen      total 37888K, used 17336K [0x00000000d6000000, 0x00000000d8a00000, 0x0000000100000000)
  eden space 32768K, 52% used [0x00000000d6000000,0x00000000d70ee298,0x00000000d8000000)
  from space 5120K, 0% used [0x00000000d8000000,0x00000000d8000000,0x00000000d8500000)
  to   space 5120K, 0% used [0x00000000d8500000,0x00000000d8500000,0x00000000d8a00000)
 ParOldGen       total 62976K, used 2772K [0x0000000082000000, 0x0000000085d80000, 0x00000000d6000000)
  object space 62976K, 4% used [0x0000000082000000,0x00000000822b5338,0x0000000085d80000)
 Metaspace       used 14461K, capacity 15188K, committed 15488K, reserved 1062912K
  class space    used 2149K, capacity 2303K, committed 2432K, reserved 1048576K

Card table byte_map: [0x00000000125d0000,0x00000000129d0000] byte_map_base: 0x00000000121c0000

Marking Bits: (ParMarkBitMap*) 0x000000006def5ce0
 Begin Bits: [0x0000000013070000, 0x0000000014ff0000)
 End Bits:   [0x0000000014ff0000, 0x0000000016f70000)

Polling page: 0x0000000001630000

CodeCache: size=245760Kb used=3859Kb max_used=3859Kb free=241900Kb
 bounds [0x0000000003210000, 0x00000000035e0000, 0x0000000012210000]
 total_blobs=1600 nmethods=1042 adapters=470
 compilation: enabled

Compilation events (10 events):
Event: 1.247 Thread 0x0000000017d1e000 nmethod 1042 0x00000000035d3bd0 code [0x00000000035d3d20, 0x00000000035d3eb0]
Event: 1.247 Thread 0x0000000017d1e000 1043       3       java.lang.StringBuilder::<init> (18 bytes)
Event: 1.248 Thread 0x0000000017d1e000 nmethod 1043 0x00000000035d3390 code [0x00000000035d3520, 0x00000000035d39e8]
Event: 1.252 Thread 0x0000000017d1e000 1044       3       sun.reflect.ClassFileAssembler::cpi (22 bytes)
Event: 1.252 Thread 0x0000000017d1e000 nmethod 1044 0x00000000035d2f10 code [0x00000000035d3080, 0x00000000035d32c8]
Event: 1.252 Thread 0x0000000017d1e000 1045       3       sun.reflect.ClassFileAssembler::emitConstantPoolUTF8 (50 bytes)
Event: 1.253 Thread 0x0000000017d1e000 nmethod 1045 0x00000000035d5790 code [0x00000000035d5980, 0x00000000035d6008]
Event: 1.253 Thread 0x0000000017d1e000 1046       3       sun.reflect.ByteVectorImpl::get (26 bytes)
Event: 1.253 Thread 0x0000000017d1e000 nmethod 1046 0x00000000035d2a50 code [0x00000000035d2bc0, 0x00000000035d2de8]
Event: 1.253 Thread 0x0000000017d1e000 1047   !   3       com.sun.org.apache.xerces.internal.impl.XMLDocumentFragmentScannerImpl$FragmentContentDriver::next (2346 bytes)

GC Heap History (4 events):
Event: 0.677 GC heap before
{Heap before GC invocations=1 (full 0):
 PSYoungGen      total 37888K, used 17158K [0x00000000d6000000, 0x00000000d8a00000, 0x0000000100000000)
  eden space 32768K, 52% used [0x00000000d6000000,0x00000000d70c19d0,0x00000000d8000000)
  from space 5120K, 0% used [0x00000000d8500000,0x00000000d8500000,0x00000000d8a00000)
  to   space 5120K, 0% used [0x00000000d8000000,0x00000000d8000000,0x00000000d8500000)
 ParOldGen       total 86016K, used 0K [0x0000000082000000, 0x0000000087400000, 0x00000000d6000000)
  object space 86016K, 0% used [0x0000000082000000,0x0000000082000000,0x0000000087400000)
 Metaspace       used 9110K, capacity 9428K, committed 9472K, reserved 1060864K
  class space    used 1133K, capacity 1238K, committed 1280K, reserved 1048576K
Event: 0.681 GC heap after
Heap after GC invocations=1 (full 0):
 PSYoungGen      total 37888K, used 2848K [0x00000000d6000000, 0x00000000d8a00000, 0x0000000100000000)
  eden space 32768K, 0% used [0x00000000d6000000,0x00000000d6000000,0x00000000d8000000)
  from space 5120K, 55% used [0x00000000d8000000,0x00000000d82c8030,0x00000000d8500000)
  to   space 5120K, 0% used [0x00000000d8500000,0x00000000d8500000,0x00000000d8a00000)
 ParOldGen       total 86016K, used 16K [0x0000000082000000, 0x0000000087400000, 0x00000000d6000000)
  object space 86016K, 0% used [0x0000000082000000,0x0000000082004000,0x0000000087400000)
 Metaspace       used 9110K, capacity 9428K, committed 9472K, reserved 1060864K
  class space    used 1133K, capacity 1238K, committed 1280K, reserved 1048576K
}
Event: 0.681 GC heap before
{Heap before GC invocations=2 (full 1):
 PSYoungGen      total 37888K, used 2848K [0x00000000d6000000, 0x00000000d8a00000, 0x0000000100000000)
  eden space 32768K, 0% used [0x00000000d6000000,0x00000000d6000000,0x00000000d8000000)
  from space 5120K, 55% used [0x00000000d8000000,0x00000000d82c8030,0x00000000d8500000)
  to   space 5120K, 0% used [0x00000000d8500000,0x00000000d8500000,0x00000000d8a00000)
 ParOldGen       total 86016K, used 16K [0x0000000082000000, 0x0000000087400000, 0x00000000d6000000)
  object space 86016K, 0% used [0x0000000082000000,0x0000000082004000,0x0000000087400000)
 Metaspace       used 9110K, capacity 9428K, committed 9472K, reserved 1060864K
  class space    used 1133K, capacity 1238K, committed 1280K, reserved 1048576K
Event: 0.698 GC heap after
Heap after GC invocations=2 (full 1):
 PSYoungGen      total 37888K, used 0K [0x00000000d6000000, 0x00000000d8a00000, 0x0000000100000000)
  eden space 32768K, 0% used [0x00000000d6000000,0x00000000d6000000,0x00000000d8000000)
  from space 5120K, 0% used [0x00000000d8000000,0x00000000d8000000,0x00000000d8500000)
  to   space 5120K, 0% used [0x00000000d8500000,0x00000000d8500000,0x00000000d8a00000)
 ParOldGen       total 62976K, used 2772K [0x0000000082000000, 0x0000000085d80000, 0x00000000d6000000)
  object space 62976K, 4% used [0x0000000082000000,0x00000000822b5338,0x0000000085d80000)
 Metaspace       used 9110K, capacity 9428K, committed 9472K, reserved 1058816K
  class space    used 1133K, capacity 1238K, committed 1280K, reserved 1048576K
}

Deoptimization events (10 events):
Event: 0.711 Thread 0x0000000019a8d800 Uncommon trap: reason=unstable_if action=reinterpret pc=0x00000000033d51e8 method=java.lang.String.startsWith(Ljava/lang/String;I)Z @ 25
Event: 0.757 Thread 0x0000000019a8d800 Uncommon trap: reason=unstable_if action=reinterpret pc=0x0000000003497ce0 method=java.util.HashMap.hash(Ljava/lang/Object;)I @ 1
Event: 0.882 Thread 0x0000000019a8d800 Uncommon trap: reason=class_check action=maybe_recompile pc=0x0000000003483be0 method=java.io.DataInputStream.readShort()S @ 4
Event: 0.883 Thread 0x0000000019a8d800 Uncommon trap: reason=class_check action=maybe_recompile pc=0x0000000003483be0 method=java.io.DataInputStream.readShort()S @ 4
Event: 0.884 Thread 0x0000000019a8d800 Uncommon trap: reason=class_check action=maybe_recompile pc=0x0000000003483be0 method=java.io.DataInputStream.readShort()S @ 4
Event: 0.884 Thread 0x0000000019a8d800 Uncommon trap: reason=class_check action=maybe_recompile pc=0x0000000003483be0 method=java.io.DataInputStream.readShort()S @ 4
Event: 0.895 Thread 0x0000000019a8d800 Uncommon trap: reason=class_check action=maybe_recompile pc=0x000000000332b4e8 method=java.lang.String.equals(Ljava/lang/Object;)Z @ 8
Event: 0.895 Thread 0x0000000019a8d800 Uncommon trap: reason=class_check action=maybe_recompile pc=0x000000000332b4e8 method=java.lang.String.equals(Ljava/lang/Object;)Z @ 8
Event: 0.895 Thread 0x0000000019a8d800 Uncommon trap: reason=class_check action=maybe_recompile pc=0x000000000332b4e8 method=java.lang.String.equals(Ljava/lang/Object;)Z @ 8
Event: 0.896 Thread 0x0000000019a8d800 Uncommon trap: reason=class_check action=maybe_recompile pc=0x000000000332b4e8 method=java.lang.String.equals(Ljava/lang/Object;)Z @ 8

Classes redefined (0 events):
No events

Internal exceptions (10 events):
Event: 0.719 Thread 0x0000000019a8d800 Exception <a 'java/lang/ArrayIndexOutOfBoundsException': 86> (0x00000000d60df990) thrown at [C:\re\workspace\8-2-build-windows-amd64-cygwin\jdk8u202\12323\hotspot\src\share\vm\interpreter\interpreterRuntime.cpp, line 368]
Event: 0.720 Thread 0x0000000019a8d800 Exception <a 'java/lang/ArrayIndexOutOfBoundsException'> (0x00000000d60e1ca0) thrown at [C:\re\workspace\8-2-build-windows-amd64-cygwin\jdk8u202\12323\hotspot\src\share\vm\runtime\sharedRuntime.cpp, line 605]
Event: 0.757 Thread 0x0000000019a8d800 Implicit null exception at 0x0000000003497af5 to 0x0000000003497cd1
Event: 1.156 Thread 0x0000000019a8d800 Exception <a 'java/lang/ArrayIndexOutOfBoundsException'> (0x00000000d6bf8320) thrown at [C:\re\workspace\8-2-build-windows-amd64-cygwin\jdk8u202\12323\hotspot\src\share\vm\runtime\sharedRuntime.cpp, line 605]
Event: 1.156 Thread 0x0000000019a8d800 Exception <a 'java/lang/ArrayIndexOutOfBoundsException'> (0x00000000d6bf9320) thrown at [C:\re\workspace\8-2-build-windows-amd64-cygwin\jdk8u202\12323\hotspot\src\share\vm\runtime\sharedRuntime.cpp, line 605]
Event: 1.156 Thread 0x0000000019a8d800 Exception <a 'java/lang/ArrayIndexOutOfBoundsException'> (0x00000000d6bfab90) thrown at [C:\re\workspace\8-2-build-windows-amd64-cygwin\jdk8u202\12323\hotspot\src\share\vm\runtime\sharedRuntime.cpp, line 605]
Event: 1.164 Thread 0x0000000019a8d800 Exception <a 'java/lang/ArrayIndexOutOfBoundsException'> (0x00000000d6c46200) thrown at [C:\re\workspace\8-2-build-windows-amd64-cygwin\jdk8u202\12323\hotspot\src\share\vm\runtime\sharedRuntime.cpp, line 605]
Event: 1.164 Thread 0x0000000019a8d800 Exception <a 'java/lang/ArrayIndexOutOfBoundsException'> (0x00000000d6c48528) thrown at [C:\re\workspace\8-2-build-windows-amd64-cygwin\jdk8u202\12323\hotspot\src\share\vm\runtime\sharedRuntime.cpp, line 605]
Event: 1.190 Thread 0x0000000019a8d800 Exception <a 'java/lang/ArrayIndexOutOfBoundsException'> (0x00000000d6d96290) thrown at [C:\re\workspace\8-2-build-windows-amd64-cygwin\jdk8u202\12323\hotspot\src\share\vm\runtime\sharedRuntime.cpp, line 605]
Event: 1.199 Thread 0x0000000019a8d800 Exception <a 'java/lang/ArrayIndexOutOfBoundsException'> (0x00000000d6df05d0) thrown at [C:\re\workspace\8-2-build-windows-amd64-cygwin\jdk8u202\12323\hotspot\src\share\vm\runtime\sharedRuntime.cpp, line 605]

Events (10 events):
Event: 1.250 loading class java/util/LinkedHashMap$LinkedValues
Event: 1.250 loading class java/util/LinkedHashMap$LinkedValues done
Event: 1.250 loading class java/util/LinkedHashMap$LinkedValueIterator
Event: 1.250 loading class java/util/LinkedHashMap$LinkedValueIterator done
Event: 1.251 loading class com/sun/javafx/fxml/builder/ProxyBuilder$ArrayListWrapper
Event: 1.251 loading class com/sun/javafx/fxml/builder/ProxyBuilder$ArrayListWrapper done
Event: 1.251 Executing VM operation: Deoptimize
Event: 1.251 Executing VM operation: Deoptimize done
Event: 1.256 loading class sun/reflect/BootstrapConstructorAccessorImpl
Event: 1.256 loading class sun/reflect/BootstrapConstructorAccessorImpl done


Dynamic libraries:
0x00007ff6d3ea0000 - 0x00007ff6d3ed7000 	C:\Program Files\Java\jre1.8.0_202\bin\javaw.exe
0x00007ffd0bbf0000 - 0x00007ffd0bde5000 	C:\WINDOWS\SYSTEM32\ntdll.dll
0x00007ffd0b390000 - 0x00007ffd0b44e000 	C:\WINDOWS\System32\KERNEL32.DLL
0x00007ffd09720000 - 0x00007ffd099e8000 	C:\WINDOWS\System32\KERNELBASE.dll
0x00007ffd0b060000 - 0x00007ffd0b10e000 	C:\WINDOWS\System32\ADVAPI32.dll
0x00007ffd0b460000 - 0x00007ffd0b4fe000 	C:\WINDOWS\System32\msvcrt.dll
0x00007ffd09dc0000 - 0x00007ffd09e5c000 	C:\WINDOWS\System32\sechost.dll
0x00007ffd0a1c0000 - 0x00007ffd0a2e5000 	C:\WINDOWS\System32\RPCRT4.dll
0x00007ffd0a010000 - 0x00007ffd0a1b0000 	C:\WINDOWS\System32\USER32.dll
0x00007ffd09310000 - 0x00007ffd09332000 	C:\WINDOWS\System32\win32u.dll
0x00007ffd0b180000 - 0x00007ffd0b1ab000 	C:\WINDOWS\System32\GDI32.dll
0x00007ffd09580000 - 0x00007ffd0968b000 	C:\WINDOWS\System32\gdi32full.dll
0x00007ffd094e0000 - 0x00007ffd0957d000 	C:\WINDOWS\System32\msvcp_win.dll
0x00007ffd099f0000 - 0x00007ffd09af0000 	C:\WINDOWS\System32\ucrtbase.dll
0x00007ffcf5110000 - 0x00007ffcf53aa000 	C:\WINDOWS\WinSxS\amd64_microsoft.windows.common-controls_6595b64144ccf1df_6.0.19041.1110_none_60b5254171f9507e\COMCTL32.dll
0x00007ffd09d30000 - 0x00007ffd09d60000 	C:\WINDOWS\System32\IMM32.DLL
0x000000006d510000 - 0x000000006d5e2000 	C:\Program Files\Java\jre1.8.0_202\bin\msvcr100.dll
0x000000006d6d0000 - 0x000000006df75000 	C:\Program Files\Java\jre1.8.0_202\bin\server\jvm.dll
0x00007ffd0b450000 - 0x00007ffd0b458000 	C:\WINDOWS\System32\PSAPI.DLL
0x00007ffd04360000 - 0x00007ffd04369000 	C:\WINDOWS\SYSTEM32\WSOCK32.dll
0x00007ffcf2040000 - 0x00007ffcf2067000 	C:\WINDOWS\SYSTEM32\WINMM.dll
0x00007ffd0b110000 - 0x00007ffd0b17b000 	C:\WINDOWS\System32\WS2_32.dll
0x00007ffd07ac0000 - 0x00007ffd07aca000 	C:\WINDOWS\SYSTEM32\VERSION.dll
0x00007ffd03150000 - 0x00007ffd0315f000 	C:\Program Files\Java\jre1.8.0_202\bin\verify.dll
0x00007ffd01900000 - 0x00007ffd01929000 	C:\Program Files\Java\jre1.8.0_202\bin\java.dll
0x00007ffd01050000 - 0x00007ffd01066000 	C:\Program Files\Java\jre1.8.0_202\bin\zip.dll
0x00007ffd0a2f0000 - 0x00007ffd0aa34000 	C:\WINDOWS\System32\SHELL32.dll
0x00007ffd07100000 - 0x00007ffd07894000 	C:\WINDOWS\SYSTEM32\windows.storage.dll
0x00007ffd0ac20000 - 0x00007ffd0af74000 	C:\WINDOWS\System32\combase.dll
0x00007ffd08bc0000 - 0x00007ffd08bec000 	C:\WINDOWS\SYSTEM32\Wldp.dll
0x00007ffd0b280000 - 0x00007ffd0b32d000 	C:\WINDOWS\System32\SHCORE.dll
0x00007ffd09d60000 - 0x00007ffd09db5000 	C:\WINDOWS\System32\shlwapi.dll
0x00007ffd09250000 - 0x00007ffd0926f000 	C:\WINDOWS\SYSTEM32\profapi.dll
0x00000000016a0000 - 0x00000000016a3000 	C:\Program Files\Java\jre1.8.0_202\bin\api-ms-win-core-console-l1-1-0.dll
0x00000000016b0000 - 0x00000000016b3000 	C:\Program Files\Java\jre1.8.0_202\bin\api-ms-win-core-datetime-l1-1-0.dll
0x00000000016c0000 - 0x00000000016c3000 	C:\Program Files\Java\jre1.8.0_202\bin\api-ms-win-core-debug-l1-1-0.dll
0x0000000002f80000 - 0x0000000002f83000 	C:\Program Files\Java\jre1.8.0_202\bin\api-ms-win-core-errorhandling-l1-1-0.dll
0x0000000002f90000 - 0x0000000002f94000 	C:\Program Files\Java\jre1.8.0_202\bin\api-ms-win-core-file-l1-1-0.dll
0x00000000030b0000 - 0x00000000030b3000 	C:\Program Files\Java\jre1.8.0_202\bin\api-ms-win-core-file-l1-2-0.dll
0x00000000030c0000 - 0x00000000030c3000 	C:\Program Files\Java\jre1.8.0_202\bin\api-ms-win-core-file-l2-1-0.dll
0x00000000030d0000 - 0x00000000030d3000 	C:\Program Files\Java\jre1.8.0_202\bin\api-ms-win-core-handle-l1-1-0.dll
0x00000000030e0000 - 0x00000000030e3000 	C:\Program Files\Java\jre1.8.0_202\bin\api-ms-win-core-heap-l1-1-0.dll
0x00000000030f0000 - 0x00000000030f3000 	C:\Program Files\Java\jre1.8.0_202\bin\api-ms-win-core-interlocked-l1-1-0.dll
0x0000000019c90000 - 0x0000000019c93000 	C:\Program Files\Java\jre1.8.0_202\bin\api-ms-win-core-libraryloader-l1-1-0.dll
0x0000000019ca0000 - 0x0000000019ca3000 	C:\Program Files\Java\jre1.8.0_202\bin\api-ms-win-core-localization-l1-2-0.dll
0x0000000019cb0000 - 0x0000000019cb3000 	C:\Program Files\Java\jre1.8.0_202\bin\api-ms-win-core-memory-l1-1-0.dll
0x0000000019cc0000 - 0x0000000019cc3000 	C:\Program Files\Java\jre1.8.0_202\bin\api-ms-win-core-namedpipe-l1-1-0.dll
0x0000000019cd0000 - 0x0000000019cd3000 	C:\Program Files\Java\jre1.8.0_202\bin\api-ms-win-core-processenvironment-l1-1-0.dll
0x0000000019ce0000 - 0x0000000019ce3000 	C:\Program Files\Java\jre1.8.0_202\bin\api-ms-win-core-processthreads-l1-1-0.dll
0x0000000019cf0000 - 0x0000000019cf3000 	C:\Program Files\Java\jre1.8.0_202\bin\api-ms-win-core-processthreads-l1-1-1.dll
0x0000000019d00000 - 0x0000000019d03000 	C:\Program Files\Java\jre1.8.0_202\bin\api-ms-win-core-profile-l1-1-0.dll
0x0000000019d10000 - 0x0000000019d13000 	C:\Program Files\Java\jre1.8.0_202\bin\api-ms-win-core-rtlsupport-l1-1-0.dll
0x0000000019d20000 - 0x0000000019d23000 	C:\Program Files\Java\jre1.8.0_202\bin\api-ms-win-core-string-l1-1-0.dll
0x0000000019d30000 - 0x0000000019d33000 	C:\Program Files\Java\jre1.8.0_202\bin\api-ms-win-core-synch-l1-1-0.dll
0x0000000019d40000 - 0x0000000019d43000 	C:\Program Files\Java\jre1.8.0_202\bin\api-ms-win-core-synch-l1-2-0.dll
0x0000000019d50000 - 0x0000000019d53000 	C:\Program Files\Java\jre1.8.0_202\bin\api-ms-win-core-sysinfo-l1-1-0.dll
0x0000000019d60000 - 0x0000000019d63000 	C:\Program Files\Java\jre1.8.0_202\bin\api-ms-win-core-timezone-l1-1-0.dll
0x0000000019d70000 - 0x0000000019d73000 	C:\Program Files\Java\jre1.8.0_202\bin\api-ms-win-core-util-l1-1-0.dll
0x0000000019d80000 - 0x0000000019d83000 	C:\Program Files\Java\jre1.8.0_202\bin\api-ms-win-crt-conio-l1-1-0.dll
0x0000000019d90000 - 0x0000000019d94000 	C:\Program Files\Java\jre1.8.0_202\bin\api-ms-win-crt-convert-l1-1-0.dll
0x0000000019da0000 - 0x0000000019da3000 	C:\Program Files\Java\jre1.8.0_202\bin\api-ms-win-crt-environment-l1-1-0.dll
0x0000000019db0000 - 0x0000000019db3000 	C:\Program Files\Java\jre1.8.0_202\bin\api-ms-win-crt-filesystem-l1-1-0.dll
0x0000000019dc0000 - 0x0000000019dc3000 	C:\Program Files\Java\jre1.8.0_202\bin\api-ms-win-crt-heap-l1-1-0.dll
0x0000000019dd0000 - 0x0000000019dd3000 	C:\Program Files\Java\jre1.8.0_202\bin\api-ms-win-crt-locale-l1-1-0.dll
0x0000000019de0000 - 0x0000000019de5000 	C:\Program Files\Java\jre1.8.0_202\bin\api-ms-win-crt-math-l1-1-0.dll
0x0000000019df0000 - 0x0000000019df5000 	C:\Program Files\Java\jre1.8.0_202\bin\api-ms-win-crt-multibyte-l1-1-0.dll
0x0000000019e00000 - 0x0000000019e10000 	C:\Program Files\Java\jre1.8.0_202\bin\api-ms-win-crt-private-l1-1-0.dll
0x0000000019e10000 - 0x0000000019e13000 	C:\Program Files\Java\jre1.8.0_202\bin\api-ms-win-crt-process-l1-1-0.dll
0x0000000019e20000 - 0x0000000019e24000 	C:\Program Files\Java\jre1.8.0_202\bin\api-ms-win-crt-runtime-l1-1-0.dll
0x0000000019e30000 - 0x0000000019e34000 	C:\Program Files\Java\jre1.8.0_202\bin\api-ms-win-crt-stdio-l1-1-0.dll
0x0000000019e40000 - 0x0000000019e44000 	C:\Program Files\Java\jre1.8.0_202\bin\api-ms-win-crt-string-l1-1-0.dll
0x0000000019e50000 - 0x0000000019e53000 	C:\Program Files\Java\jre1.8.0_202\bin\api-ms-win-crt-time-l1-1-0.dll
0x0000000019e60000 - 0x0000000019e63000 	C:\Program Files\Java\jre1.8.0_202\bin\api-ms-win-crt-utility-l1-1-0.dll
0x00007ffc9b310000 - 0x00007ffc9b406000 	C:\Program Files\Java\jre1.8.0_202\bin\ucrtbase.dll
0x00007ffcc8750000 - 0x00007ffcc8766000 	C:\Program Files\Java\jre1.8.0_202\bin\vcruntime140.dll
0x00007ffc9b180000 - 0x00007ffc9b21c000 	C:\Program Files\Java\jre1.8.0_202\bin\msvcp140.dll
0x00007ffc9b120000 - 0x00007ffc9b171000 	C:\Program Files\Java\jre1.8.0_202\bin\concrt140.dll
0x00007ffc9af30000 - 0x00007ffc9af53000 	C:\Program Files\Java\jre1.8.0_202\bin\prism_d3d.dll
0x00007ffcd0270000 - 0x00007ffcd043f000 	C:\WINDOWS\system32\d3d9.dll
0x00007ffd07bc0000 - 0x00007ffd07bd2000 	C:\WINDOWS\SYSTEM32\kernel.appcore.dll
0x00007ffd06ae0000 - 0x00007ffd06b0f000 	C:\WINDOWS\SYSTEM32\dwmapi.dll
0x00007ffd067a0000 - 0x00007ffd0683e000 	C:\WINDOWS\system32\uxtheme.dll
0x00007ffcd0100000 - 0x00007ffcd0263000 	C:\WINDOWS\System32\DriverStore\FileRepository\iigd_dch.inf_amd64_a086f01cc7be643a\igdumdim64.dll
0x00007ffd09340000 - 0x00007ffd09367000 	C:\WINDOWS\System32\bcrypt.dll
0x00007ffcc3810000 - 0x00007ffcc7214000 	C:\WINDOWS\System32\DriverStore\FileRepository\iigd_dch.inf_amd64_a086f01cc7be643a\igd9dxva64.dll
0x00007ffd0b500000 - 0x00007ffd0b62a000 	C:\WINDOWS\System32\ole32.dll
0x00007ffd0b1b0000 - 0x00007ffd0b27d000 	C:\WINDOWS\System32\OLEAUT32.dll
0x00007ffd0b740000 - 0x00007ffd0bbb0000 	C:\WINDOWS\System32\SETUPAPI.dll
0x00007ffd093e0000 - 0x00007ffd0942e000 	C:\WINDOWS\System32\cfgmgr32.dll
0x00007ffcfec90000 - 0x00007ffcfeecf000 	C:\WINDOWS\System32\DriverStore\FileRepository\iigd_dch.inf_amd64_a086f01cc7be643a\igdgmm64.dll
0x00007ffc9aee0000 - 0x00007ffc9af29000 	C:\Program Files\Java\jre1.8.0_202\bin\glass.dll
0x00007ffd0af80000 - 0x00007ffd0b05b000 	C:\WINDOWS\System32\COMDLG32.dll
0x00007ffd0ab00000 - 0x00007ffd0ac16000 	C:\WINDOWS\System32\MSCTF.dll
0x00007ffd09690000 - 0x00007ffd09712000 	C:\WINDOWS\System32\bcryptPrimitives.dll
0x00007ffcd8f90000 - 0x00007ffcd8fb7000 	C:\WINDOWS\System32\DriverStore\FileRepository\iigd_dch.inf_amd64_a086f01cc7be643a\igdinfo64.dll
0x00007ffcfbfb0000 - 0x00007ffcfec12000 	C:\WINDOWS\System32\DriverStore\FileRepository\iigd_dch.inf_amd64_a086f01cc7be643a\igc64.dll
0x00007ffd008f0000 - 0x00007ffd0092b000 	C:\WINDOWS\SYSTEM32\dxcore.dll
0x00007ffcc1b20000 - 0x00007ffcc1b34000 	C:\Program Files\Java\jre1.8.0_202\bin\javafx_font.dll
0x00007ffce7060000 - 0x00007ffce72df000 	C:\WINDOWS\SYSTEM32\dwrite.dll
0x00007ffd0b630000 - 0x00007ffd0b6d9000 	C:\WINDOWS\System32\clbcatq.dll
0x00007ffd03950000 - 0x00007ffd03b04000 	C:\WINDOWS\SYSTEM32\WindowsCodecs.dll
0x00007ffcef1b0000 - 0x00007ffcef1ee000 	C:\WINDOWS\system32\dataexchange.dll
0x00007ffd04780000 - 0x00007ffd049e4000 	C:\WINDOWS\system32\d3d11.dll
0x00007ffd05770000 - 0x00007ffd05955000 	C:\WINDOWS\system32\dcomp.dll
0x00007ffd07d00000 - 0x00007ffd07df3000 	C:\WINDOWS\system32\dxgi.dll
0x00007ffd03b50000 - 0x00007ffd03d51000 	C:\WINDOWS\system32\twinapi.appcore.dll
0x00007ffc9aea0000 - 0x00007ffc9aed4000 	C:\Program Files\Common Files\Microsoft Shared\Ink\rtscom.dll
0x00007ffcf8ee0000 - 0x00007ffcf8fd9000 	C:\WINDOWS\SYSTEM32\textinputframework.dll
0x00007ffd05960000 - 0x00007ffd05cbe000 	C:\WINDOWS\System32\CoreUIComponents.dll
0x00007ffd06240000 - 0x00007ffd06332000 	C:\WINDOWS\System32\CoreMessaging.dll
0x00007ffd07fd0000 - 0x00007ffd08003000 	C:\WINDOWS\SYSTEM32\ntmarta.dll
0x00007ffd04e50000 - 0x00007ffd04fa4000 	C:\WINDOWS\SYSTEM32\wintypes.dll

VM Arguments:
jvm_args: -Dfile.encoding=Cp1252 
java_command: sn.umapp.UMApplication
java_class_path (initial): C:\Users\nabyFall\eclipse-workspace\app-manager-user\bin;C:\eclipse\eclipse-jse-2018\plugins\org.eclipse.fx.ide.css.jfx8_3.4.1.201810030906.jar
Launcher Type: SUN_STANDARD

Environment Variables:
JAVA_HOME=C:\Program Files\Java\jdk1.8.0_202\bin
PATH=C:/Program Files/Java/jre1.8.0_202/bin/server;C:/Program Files/Java/jre1.8.0_202/bin;C:/Program Files/Java/jre1.8.0_202/lib/amd64;C:\Program Files\Common Files\Oracle\Java\javapath;C:\Program Files (x86)\Common Files\Oracle\Java\javapath;C:\Python310\Scripts\;C:\Python310\;C:\WINDOWS\system32;C:\WINDOWS;C:\WINDOWS\System32\Wbem;C:\WINDOWS\System32\WindowsPowerShell\v1.0\;C:\WINDOWS\System32\OpenSSH\;C:\Program Files\nodejs\;C:\ProgramData\chocolatey\bin;C:\Program Files\Microsoft VS Code\bin;C:\Program Files\Docker\Docker\resources\bin;C:\ProgramData\DockerDesktop\version-bin;C:\xampp\php;C:\xampp\mysql\bin;C:\Program Files\Microsoft SQL Server\150\Tools\Binn\;C:\Program Files\Microsoft SQL Server\Client SDK\ODBC\170\Tools\Binn\;C:\Program Files\dotnet\;C:\Program Files\Symfony;C:\composer;C:\Program Files (x86)\Intel\Intel(R) Management Engine Components\DAL;C:\Program Files\Intel\Intel(R) Management Engine Components\DAL;C:\Program Files\MongoDB\Server\5.0\bin;C:\apache-maven-3.8.4\bin;C:\Program Files\CodeBlocks\MinGW\bin;C:\Program Files\Java\jdk1.8.0_202\bin;C:\Program Files\Java\jdk-11.0.12\bin;C:\Program Files\Git\cmd;C:\Program Files (x86)\Oracle\JavaFX Scene Builder 2.0\runtime\jre\bin;C:\Users\nabyFall\AppData\Local\Microsoft\WindowsApps;C:\Users\nabyFall\AppData\Roaming\npm;C:\Users\nabyFall\.dotnet\tools;C:\Users\nabyFall\AppData\Roaming\Composer\vendor\bin;C:\Program Files\JetBrains\IntelliJ IDEA 2019.1.2\bin;;C:\Program Files\JetBrains\PhpStorm 2020.2.1\bin;;C:\eclipse\eclipse-jse-2018;
USERNAME=nabyFall
OS=Windows_NT
PROCESSOR_IDENTIFIER=Intel64 Family 6 Model 78 Stepping 3, GenuineIntel



---------------  S Y S T E M  ---------------

OS: Windows 10.0 , 64 bit Build 19041 (10.0.19041.1566)

CPU:total 4 (initial active 4) (2 cores per cpu, 2 threads per core) family 6 model 78 stepping 3, cmov, cx8, fxsr, mmx, sse, sse2, sse3, ssse3, sse4.1, sse4.2, popcnt, avx, avx2, aes, clmul, erms, 3dnowpref, lzcnt, ht, tsc, tscinvbit, bmi1, bmi2, adx

Memory: 4k page, physical 8257008k(1329372k free), swap 17205116k(2076k free)

vm_info: Java HotSpot(TM) 64-Bit Server VM (25.202-b08) for windows-amd64 JRE (1.8.0_202-b08), built on Dec 15 2018 19:54:30 by "java_re" with MS VC++ 10.0 (VS2010)

time: Tue Mar 29 08:30:28 2022
timezone: Greenwich
elapsed time: 1 seconds (0d 0h 0m 1s)

