#
# There is insufficient memory for the Java Runtime Environment to continue.
# Native memory allocation (malloc) failed to allocate 1051136 bytes for Chunk::new
# Possible reasons:
#   The system is out of physical RAM or swap space
#   The process is running with CompressedOops enabled, and the Java Heap may be blocking the growth of the native heap
# Possible solutions:
#   Reduce memory load on the system
#   Increase physical memory or swap space
#   Check if swap backing store is full
#   Decrease Java heap size (-Xmx/-Xms)
#   Decrease number of Java threads
#   Decrease Java thread stack sizes (-Xss)
#   Set larger code cache with -XX:ReservedCodeCacheSize=
#   JVM is running with Unscaled Compressed Oops mode in which the Java heap is
#     placed in the first 4GB address space. The Java Heap base address is the
#     maximum limit for the native heap growth. Please use -XX:HeapBaseMinAddress
#     to set the Java Heap base and to place the Java Heap above 4GB virtual address.
# This output file may be truncated or incomplete.
#
#  Out of Memory Error (allocation.cpp:389), pid=25504, tid=0x0000000000004c68
#
# JRE version: Java(TM) SE Runtime Environment (8.0_202-b08) (build 1.8.0_202-b08)
# Java VM: Java HotSpot(TM) 64-Bit Server VM (25.202-b08 mixed mode windows-amd64 compressed oops)
# Failed to write core dump. Minidumps are not enabled by default on client versions of Windows
#

---------------  T H R E A D  ---------------

Current thread (0x0000000017971800):  JavaThread "C2 CompilerThread0" daemon [_thread_in_native, id=19560, stack(0x0000000019010000,0x0000000019110000)]

Stack: [0x0000000019010000,0x0000000019110000]
[error occurred during error reporting (printing stack bounds), id 0xc0000005]

Native frames: (J=compiled Java code, j=interpreted, Vv=VM code, C=native code)


Current CompileTask:
C2:   1967 1229       4       com.sun.javafx.css.CompoundSelector::applies (144 bytes)


---------------  P R O C E S S  ---------------

Java Threads: ( => current thread )
  0x0000000019e90000 JavaThread "Prism Font Disposer" daemon [_thread_blocked, id=15984, stack(0x0000000021900000,0x0000000021a00000)]
  0x0000000019d42000 JavaThread "Thread-3" daemon [_thread_in_native, id=19516, stack(0x000000001f330000,0x000000001f430000)]
  0x0000000019cf2800 JavaThread "JavaFX-Launcher" [_thread_blocked, id=17752, stack(0x000000001f430000,0x000000001f530000)]
  0x00000000196ff000 JavaThread "JavaFX Application Thread" [_thread_in_native, id=20556, stack(0x000000001a760000,0x000000001a860000)]
  0x00000000196fb000 JavaThread "Thread-1" daemon [_thread_blocked, id=25512, stack(0x000000001a660000,0x000000001a760000)]
  0x00000000196e7800 JavaThread "QuantumRenderer-0" daemon [_thread_blocked, id=14792, stack(0x0000000019b70000,0x0000000019c70000)]
  0x000000001933b800 JavaThread "Service Thread" daemon [_thread_blocked, id=21064, stack(0x0000000019710000,0x0000000019810000)]
  0x00000000179a6000 JavaThread "C1 CompilerThread2" daemon [_thread_blocked, id=22548, stack(0x0000000019210000,0x0000000019310000)]
  0x0000000017983000 JavaThread "C2 CompilerThread1" daemon [_thread_blocked, id=25484, stack(0x0000000019110000,0x0000000019210000)]
=>0x0000000017971800 JavaThread "C2 CompilerThread0" daemon [_thread_in_native, id=19560, stack(0x0000000019010000,0x0000000019110000)]
  0x000000001796d800 JavaThread "Attach Listener" daemon [_thread_blocked, id=19156, stack(0x0000000018f10000,0x0000000019010000)]
  0x000000001796c800 JavaThread "Signal Dispatcher" daemon [_thread_blocked, id=14812, stack(0x0000000018e10000,0x0000000018f10000)]
  0x000000001795a800 JavaThread "Finalizer" daemon [_thread_blocked, id=20212, stack(0x0000000018be0000,0x0000000018ce0000)]
  0x0000000002e70800 JavaThread "Reference Handler" daemon [_thread_blocked, id=15552, stack(0x0000000018ae0000,0x0000000018be0000)]
  0x0000000002d82800 JavaThread "main" [_thread_blocked, id=25076, stack(0x0000000002c80000,0x0000000002d80000)]

Other Threads:
  0x0000000017938000 VMThread [stack: 0x00000000189e0000,0x0000000018ae0000] [id=9644]
  0x000000001935d000 WatcherThread [stack: 0x0000000019810000,0x0000000019910000] [id=14676]

VM state:not at safepoint (normal execution)

VM Mutex/Monitor currently owned by a thread: None

heap address: 0x0000000082000000, size: 2016 MB, Compressed Oops mode: 32-bit
Narrow klass base: 0x0000000000000000, Narrow klass shift: 3
Compressed class space size: 1073741824 Address: 0x0000000100000000

Heap:
 PSYoungGen      total 37888K, used 16000K [0x00000000d6000000, 0x00000000d8a00000, 0x0000000100000000)
  eden space 32768K, 36% used [0x00000000d6000000,0x00000000d6b902c0,0x00000000d8000000)
  from space 5120K, 81% used [0x00000000d8000000,0x00000000d8410040,0x00000000d8500000)
  to   space 5120K, 0% used [0x00000000d8500000,0x00000000d8500000,0x00000000d8a00000)
 ParOldGen       total 86016K, used 80K [0x0000000082000000, 0x0000000087400000, 0x00000000d6000000)
  object space 86016K, 0% used [0x0000000082000000,0x0000000082014010,0x0000000087400000)
 Metaspace       used 16197K, capacity 17306K, committed 17536K, reserved 1064960K
  class space    used 2425K, capacity 2630K, committed 2688K, reserved 1048576K

Card table byte_map: [0x0000000012240000,0x0000000012640000] byte_map_base: 0x0000000011e30000

Marking Bits: (ParMarkBitMap*) 0x000000006def5ce0
 Begin Bits: [0x0000000012ce0000, 0x0000000014c60000)
 End Bits:   [0x0000000014c60000, 0x0000000016be0000)

Polling page: 0x00000000014b0000

CodeCache: size=245760Kb used=5869Kb max_used=5883Kb free=239890Kb
 bounds [0x0000000002e80000, 0x0000000003450000, 0x0000000011e80000]
 total_blobs=2320 nmethods=1706 adapters=526
 compilation: enabled

Compilation events (10 events):
Event: 1.911 Thread 0x0000000017983000 1662       4       com.sun.javafx.css.StyleCacheEntry::get (37 bytes)
Event: 1.921 Thread 0x0000000017983000 nmethod 1662 0x0000000003433710 code [0x0000000003433880, 0x0000000003433df8]
Event: 1.921 Thread 0x0000000017983000 1647   !   4       com.sun.javafx.css.StyleManager::getCacheContainer (152 bytes)
Event: 1.925 Thread 0x0000000017983000 nmethod 1647 0x0000000003434b10 code [0x0000000003434cc0, 0x0000000003435298]
Event: 1.925 Thread 0x0000000017983000 1691       4       com.sun.javafx.css.StyleManager$CacheContainer::getStyleMap (43 bytes)
Event: 1.927 Thread 0x0000000017983000 nmethod 1691 0x000000000343c290 code [0x000000000343c400, 0x000000000343c618]
Event: 1.927 Thread 0x0000000017983000 1646       4       javafx.scene.CssStyleHelper$CacheContainer::getStyleMap (40 bytes)
Event: 1.937 Thread 0x0000000017983000 nmethod 1646 0x0000000003436090 code [0x0000000003436260, 0x0000000003436a58]
Event: 1.937 Thread 0x0000000017983000 1234       4       com.sun.javafx.css.StyleClassSet::getStyleClass (148 bytes)
Event: 1.959 Thread 0x0000000017983000 nmethod 1234 0x000000000343cd90 code [0x000000000343cf60, 0x000000000343dc68]

GC Heap History (2 events):
Event: 1.396 GC heap before
{Heap before GC invocations=1 (full 0):
 PSYoungGen      total 37888K, used 32768K [0x00000000d6000000, 0x00000000d8a00000, 0x0000000100000000)
  eden space 32768K, 100% used [0x00000000d6000000,0x00000000d8000000,0x00000000d8000000)
  from space 5120K, 0% used [0x00000000d8500000,0x00000000d8500000,0x00000000d8a00000)
  to   space 5120K, 0% used [0x00000000d8000000,0x00000000d8000000,0x00000000d8500000)
 ParOldGen       total 86016K, used 0K [0x0000000082000000, 0x0000000087400000, 0x00000000d6000000)
  object space 86016K, 0% used [0x0000000082000000,0x0000000082000000,0x0000000087400000)
 Metaspace       used 14267K, capacity 14952K, committed 15104K, reserved 1062912K
  class space    used 2115K, capacity 2267K, committed 2304K, reserved 1048576K
Event: 1.403 GC heap after
Heap after GC invocations=1 (full 0):
 PSYoungGen      total 37888K, used 4160K [0x00000000d6000000, 0x00000000d8a00000, 0x0000000100000000)
  eden space 32768K, 0% used [0x00000000d6000000,0x00000000d6000000,0x00000000d8000000)
  from space 5120K, 81% used [0x00000000d8000000,0x00000000d8410040,0x00000000d8500000)
  to   space 5120K, 0% used [0x00000000d8500000,0x00000000d8500000,0x00000000d8a00000)
 ParOldGen       total 86016K, used 80K [0x0000000082000000, 0x0000000087400000, 0x00000000d6000000)
  object space 86016K, 0% used [0x0000000082000000,0x0000000082014010,0x0000000087400000)
 Metaspace       used 14267K, capacity 14952K, committed 15104K, reserved 1062912K
  class space    used 2115K, capacity 2267K, committed 2304K, reserved 1048576K
}

Deoptimization events (10 events):
Event: 1.027 Thread 0x00000000196ff000 Uncommon trap: reason=class_check action=maybe_recompile pc=0x0000000002f9df28 method=java.lang.String.equals(Ljava/lang/Object;)Z @ 8
Event: 1.027 Thread 0x00000000196ff000 Uncommon trap: reason=class_check action=maybe_recompile pc=0x0000000002f9df28 method=java.lang.String.equals(Ljava/lang/Object;)Z @ 8
Event: 1.027 Thread 0x00000000196ff000 Uncommon trap: reason=class_check action=maybe_recompile pc=0x0000000002f9df28 method=java.lang.String.equals(Ljava/lang/Object;)Z @ 8
Event: 1.029 Thread 0x00000000196ff000 Uncommon trap: reason=class_check action=maybe_recompile pc=0x0000000002f9df28 method=java.lang.String.equals(Ljava/lang/Object;)Z @ 8
Event: 1.416 Thread 0x00000000196ff000 Uncommon trap: reason=unstable_if action=reinterpret pc=0x000000000324717c method=java.lang.ref.SoftReference.get()Ljava/lang/Object; @ 17
Event: 1.416 Thread 0x00000000196ff000 Uncommon trap: reason=unstable_if action=reinterpret pc=0x0000000003239268 method=java.lang.ref.SoftReference.get()Ljava/lang/Object; @ 17
Event: 1.418 Thread 0x00000000196ff000 Uncommon trap: reason=unstable_if action=reinterpret pc=0x0000000003245fd0 method=java.lang.ref.SoftReference.get()Ljava/lang/Object; @ 17
Event: 1.643 Thread 0x00000000196ff000 Uncommon trap: reason=unstable_if action=reinterpret pc=0x00000000031a95ac method=java.lang.String.regionMatches(ZILjava/lang/String;II)Z @ 123
Event: 1.682 Thread 0x00000000196ff000 Uncommon trap: reason=unstable_if action=reinterpret pc=0x00000000033484b8 method=com.sun.javafx.css.BitSet.addAll(Ljava/util/Collection;)Z @ 1
Event: 1.767 Thread 0x00000000196ff000 Uncommon trap: reason=unstable_if action=reinterpret pc=0x000000000307cb80 method=java.lang.CharacterData.of(I)Ljava/lang/CharacterData; @ 4

Classes redefined (0 events):
No events

Internal exceptions (10 events):
Event: 1.330 Thread 0x00000000196ff000 Exception <a 'java/lang/ArrayIndexOutOfBoundsException'> (0x00000000d7c337d0) thrown at [C:\re\workspace\8-2-build-windows-amd64-cygwin\jdk8u202\12323\hotspot\src\share\vm\runtime\sharedRuntime.cpp, line 605]
Event: 1.331 Thread 0x00000000196ff000 Exception <a 'java/lang/ArrayIndexOutOfBoundsException'> (0x00000000d7c347d0) thrown at [C:\re\workspace\8-2-build-windows-amd64-cygwin\jdk8u202\12323\hotspot\src\share\vm\runtime\sharedRuntime.cpp, line 605]
Event: 1.331 Thread 0x00000000196ff000 Exception <a 'java/lang/ArrayIndexOutOfBoundsException'> (0x00000000d7c36040) thrown at [C:\re\workspace\8-2-build-windows-amd64-cygwin\jdk8u202\12323\hotspot\src\share\vm\runtime\sharedRuntime.cpp, line 605]
Event: 1.338 Thread 0x00000000196ff000 Exception <a 'java/lang/ArrayIndexOutOfBoundsException'> (0x00000000d7c802b0) thrown at [C:\re\workspace\8-2-build-windows-amd64-cygwin\jdk8u202\12323\hotspot\src\share\vm\runtime\sharedRuntime.cpp, line 605]
Event: 1.339 Thread 0x00000000196ff000 Exception <a 'java/lang/ArrayIndexOutOfBoundsException'> (0x00000000d7c825d8) thrown at [C:\re\workspace\8-2-build-windows-amd64-cygwin\jdk8u202\12323\hotspot\src\share\vm\runtime\sharedRuntime.cpp, line 605]
Event: 1.359 Thread 0x00000000196ff000 Exception <a 'java/lang/ArrayIndexOutOfBoundsException'> (0x00000000d7dd0358) thrown at [C:\re\workspace\8-2-build-windows-amd64-cygwin\jdk8u202\12323\hotspot\src\share\vm\runtime\sharedRuntime.cpp, line 605]
Event: 1.363 Thread 0x00000000196ff000 Exception <a 'java/lang/ArrayIndexOutOfBoundsException'> (0x00000000d7e2a6a8) thrown at [C:\re\workspace\8-2-build-windows-amd64-cygwin\jdk8u202\12323\hotspot\src\share\vm\runtime\sharedRuntime.cpp, line 605]
Event: 1.682 Thread 0x00000000196ff000 Implicit null exception at 0x0000000003347f6f to 0x00000000033484a5
Event: 1.854 Thread 0x00000000196e7800 Exception <a 'java/lang/NullPointerException'> (0x00000000d6ac9e00) thrown at [C:\re\workspace\8-2-build-windows-amd64-cygwin\jdk8u202\12323\hotspot\src\share\vm\interpreter\linkResolver.cpp, line 1287]
Event: 1.869 Thread 0x00000000196e7800 Exception <a 'java/lang/NullPointerException'> (0x00000000d6ad1720) thrown at [C:\re\workspace\8-2-build-windows-amd64-cygwin\jdk8u202\12323\hotspot\src\share\vm\interpreter\linkResolver.cpp, line 1287]

Events (10 events):
Event: 1.852 loading class com/sun/javafx/sg/prism/RegionImageCache
Event: 1.852 loading class com/sun/javafx/sg/prism/RegionImageCache done
Event: 1.853 loading class com/sun/prism/impl/BaseResourceFactory$1
Event: 1.853 loading class com/sun/prism/impl/BaseResourceFactory$1 done
Event: 1.854 loading class java/lang/Throwable$WrappedPrintStream
Event: 1.854 loading class java/lang/Throwable$PrintStreamOrWriter
Event: 1.854 loading class java/lang/Throwable$PrintStreamOrWriter done
Event: 1.854 loading class java/lang/Throwable$WrappedPrintStream done
Event: 1.854 loading class java/util/IdentityHashMap$KeySet
Event: 1.854 loading class java/util/IdentityHashMap$KeySet done


Dynamic libraries:
0x00007ff6824c0000 - 0x00007ff6824f7000 	C:\Program Files\Java\jre1.8.0_202\bin\javaw.exe
0x00007ffd0bbf0000 - 0x00007ffd0bde5000 	C:\WINDOWS\SYSTEM32\ntdll.dll
0x00007ffd0b390000 - 0x00007ffd0b44e000 	C:\WINDOWS\System32\KERNEL32.DLL
0x00007ffd09720000 - 0x00007ffd099e8000 	C:\WINDOWS\System32\KERNELBASE.dll
0x00007ffd0b060000 - 0x00007ffd0b10e000 	C:\WINDOWS\System32\ADVAPI32.dll
0x00007ffd0b460000 - 0x00007ffd0b4fe000 	C:\WINDOWS\System32\msvcrt.dll
0x00007ffd09dc0000 - 0x00007ffd09e5c000 	C:\WINDOWS\System32\sechost.dll
0x00007ffd0a1c0000 - 0x00007ffd0a2e5000 	C:\WINDOWS\System32\RPCRT4.dll
0x00007ffd0a010000 - 0x00007ffd0a1b0000 	C:\WINDOWS\System32\USER32.dll
0x00007ffd09310000 - 0x00007ffd09332000 	C:\WINDOWS\System32\win32u.dll
0x00007ffd0b180000 - 0x00007ffd0b1ab000 	C:\WINDOWS\System32\GDI32.dll
0x00007ffd09580000 - 0x00007ffd0968b000 	C:\WINDOWS\System32\gdi32full.dll
0x00007ffd094e0000 - 0x00007ffd0957d000 	C:\WINDOWS\System32\msvcp_win.dll
0x00007ffd099f0000 - 0x00007ffd09af0000 	C:\WINDOWS\System32\ucrtbase.dll
0x00007ffcf5110000 - 0x00007ffcf53aa000 	C:\WINDOWS\WinSxS\amd64_microsoft.windows.common-controls_6595b64144ccf1df_6.0.19041.1110_none_60b5254171f9507e\COMCTL32.dll
0x00007ffd09d30000 - 0x00007ffd09d60000 	C:\WINDOWS\System32\IMM32.DLL
0x000000006e240000 - 0x000000006e312000 	C:\Program Files\Java\jre1.8.0_202\bin\msvcr100.dll
0x000000006d6d0000 - 0x000000006df75000 	C:\Program Files\Java\jre1.8.0_202\bin\server\jvm.dll
0x00007ffd0b450000 - 0x00007ffd0b458000 	C:\WINDOWS\System32\PSAPI.DLL
0x00007ffcf2040000 - 0x00007ffcf2067000 	C:\WINDOWS\SYSTEM32\WINMM.dll
0x00007ffd04360000 - 0x00007ffd04369000 	C:\WINDOWS\SYSTEM32\WSOCK32.dll
0x00007ffd0b110000 - 0x00007ffd0b17b000 	C:\WINDOWS\System32\WS2_32.dll
0x00007ffd07ac0000 - 0x00007ffd07aca000 	C:\WINDOWS\SYSTEM32\VERSION.dll
0x00007ffd03150000 - 0x00007ffd0315f000 	C:\Program Files\Java\jre1.8.0_202\bin\verify.dll
0x00007ffd01900000 - 0x00007ffd01929000 	C:\Program Files\Java\jre1.8.0_202\bin\java.dll
0x00007ffd01050000 - 0x00007ffd01066000 	C:\Program Files\Java\jre1.8.0_202\bin\zip.dll
0x00007ffd0a2f0000 - 0x00007ffd0aa34000 	C:\WINDOWS\System32\SHELL32.dll
0x00007ffd07100000 - 0x00007ffd07894000 	C:\WINDOWS\SYSTEM32\windows.storage.dll
0x00007ffd0ac20000 - 0x00007ffd0af74000 	C:\WINDOWS\System32\combase.dll
0x00007ffd08bc0000 - 0x00007ffd08bec000 	C:\WINDOWS\SYSTEM32\Wldp.dll
0x00007ffd0b280000 - 0x00007ffd0b32d000 	C:\WINDOWS\System32\SHCORE.dll
0x00007ffd09d60000 - 0x00007ffd09db5000 	C:\WINDOWS\System32\shlwapi.dll
0x00007ffd09250000 - 0x00007ffd0926f000 	C:\WINDOWS\SYSTEM32\profapi.dll
0x0000000002c50000 - 0x0000000002c53000 	C:\Program Files\Java\jre1.8.0_202\bin\api-ms-win-core-console-l1-1-0.dll
0x0000000002c60000 - 0x0000000002c63000 	C:\Program Files\Java\jre1.8.0_202\bin\api-ms-win-core-datetime-l1-1-0.dll
0x0000000019910000 - 0x0000000019913000 	C:\Program Files\Java\jre1.8.0_202\bin\api-ms-win-core-debug-l1-1-0.dll
0x0000000019920000 - 0x0000000019923000 	C:\Program Files\Java\jre1.8.0_202\bin\api-ms-win-core-errorhandling-l1-1-0.dll
0x0000000019930000 - 0x0000000019934000 	C:\Program Files\Java\jre1.8.0_202\bin\api-ms-win-core-file-l1-1-0.dll
0x0000000019940000 - 0x0000000019943000 	C:\Program Files\Java\jre1.8.0_202\bin\api-ms-win-core-file-l1-2-0.dll
0x0000000019950000 - 0x0000000019953000 	C:\Program Files\Java\jre1.8.0_202\bin\api-ms-win-core-file-l2-1-0.dll
0x0000000019960000 - 0x0000000019963000 	C:\Program Files\Java\jre1.8.0_202\bin\api-ms-win-core-handle-l1-1-0.dll
0x0000000019970000 - 0x0000000019973000 	C:\Program Files\Java\jre1.8.0_202\bin\api-ms-win-core-heap-l1-1-0.dll
0x0000000019980000 - 0x0000000019983000 	C:\Program Files\Java\jre1.8.0_202\bin\api-ms-win-core-interlocked-l1-1-0.dll
0x0000000019990000 - 0x0000000019993000 	C:\Program Files\Java\jre1.8.0_202\bin\api-ms-win-core-libraryloader-l1-1-0.dll
0x00000000199a0000 - 0x00000000199a3000 	C:\Program Files\Java\jre1.8.0_202\bin\api-ms-win-core-localization-l1-2-0.dll
0x00000000199b0000 - 0x00000000199b3000 	C:\Program Files\Java\jre1.8.0_202\bin\api-ms-win-core-memory-l1-1-0.dll
0x00000000199c0000 - 0x00000000199c3000 	C:\Program Files\Java\jre1.8.0_202\bin\api-ms-win-core-namedpipe-l1-1-0.dll
0x00000000199d0000 - 0x00000000199d3000 	C:\Program Files\Java\jre1.8.0_202\bin\api-ms-win-core-processenvironment-l1-1-0.dll
0x00000000199e0000 - 0x00000000199e3000 	C:\Program Files\Java\jre1.8.0_202\bin\api-ms-win-core-processthreads-l1-1-0.dll
0x00000000199f0000 - 0x00000000199f3000 	C:\Program Files\Java\jre1.8.0_202\bin\api-ms-win-core-processthreads-l1-1-1.dll
0x0000000019a00000 - 0x0000000019a03000 	C:\Program Files\Java\jre1.8.0_202\bin\api-ms-win-core-profile-l1-1-0.dll
0x0000000019a10000 - 0x0000000019a13000 	C:\Program Files\Java\jre1.8.0_202\bin\api-ms-win-core-rtlsupport-l1-1-0.dll
0x0000000019a20000 - 0x0000000019a23000 	C:\Program Files\Java\jre1.8.0_202\bin\api-ms-win-core-string-l1-1-0.dll
0x0000000019a30000 - 0x0000000019a33000 	C:\Program Files\Java\jre1.8.0_202\bin\api-ms-win-core-synch-l1-1-0.dll
0x0000000019a40000 - 0x0000000019a43000 	C:\Program Files\Java\jre1.8.0_202\bin\api-ms-win-core-synch-l1-2-0.dll
0x0000000019a50000 - 0x0000000019a53000 	C:\Program Files\Java\jre1.8.0_202\bin\api-ms-win-core-sysinfo-l1-1-0.dll
0x0000000019a60000 - 0x0000000019a63000 	C:\Program Files\Java\jre1.8.0_202\bin\api-ms-win-core-timezone-l1-1-0.dll
0x0000000019a70000 - 0x0000000019a73000 	C:\Program Files\Java\jre1.8.0_202\bin\api-ms-win-core-util-l1-1-0.dll
0x0000000019a80000 - 0x0000000019a83000 	C:\Program Files\Java\jre1.8.0_202\bin\api-ms-win-crt-conio-l1-1-0.dll
0x0000000019a90000 - 0x0000000019a94000 	C:\Program Files\Java\jre1.8.0_202\bin\api-ms-win-crt-convert-l1-1-0.dll
0x0000000019aa0000 - 0x0000000019aa3000 	C:\Program Files\Java\jre1.8.0_202\bin\api-ms-win-crt-environment-l1-1-0.dll
0x0000000019ab0000 - 0x0000000019ab3000 	C:\Program Files\Java\jre1.8.0_202\bin\api-ms-win-crt-filesystem-l1-1-0.dll
0x0000000019ac0000 - 0x0000000019ac3000 	C:\Program Files\Java\jre1.8.0_202\bin\api-ms-win-crt-heap-l1-1-0.dll
0x0000000019ad0000 - 0x0000000019ad3000 	C:\Program Files\Java\jre1.8.0_202\bin\api-ms-win-crt-locale-l1-1-0.dll
0x0000000019ae0000 - 0x0000000019ae5000 	C:\Program Files\Java\jre1.8.0_202\bin\api-ms-win-crt-math-l1-1-0.dll
0x0000000019af0000 - 0x0000000019af5000 	C:\Program Files\Java\jre1.8.0_202\bin\api-ms-win-crt-multibyte-l1-1-0.dll
0x0000000019b00000 - 0x0000000019b10000 	C:\Program Files\Java\jre1.8.0_202\bin\api-ms-win-crt-private-l1-1-0.dll
0x0000000019b10000 - 0x0000000019b13000 	C:\Program Files\Java\jre1.8.0_202\bin\api-ms-win-crt-process-l1-1-0.dll
0x0000000019b20000 - 0x0000000019b24000 	C:\Program Files\Java\jre1.8.0_202\bin\api-ms-win-crt-runtime-l1-1-0.dll
0x0000000019b30000 - 0x0000000019b34000 	C:\Program Files\Java\jre1.8.0_202\bin\api-ms-win-crt-stdio-l1-1-0.dll
0x0000000019b40000 - 0x0000000019b44000 	C:\Program Files\Java\jre1.8.0_202\bin\api-ms-win-crt-string-l1-1-0.dll
0x0000000019b50000 - 0x0000000019b53000 	C:\Program Files\Java\jre1.8.0_202\bin\api-ms-win-crt-time-l1-1-0.dll
0x0000000019b60000 - 0x0000000019b63000 	C:\Program Files\Java\jre1.8.0_202\bin\api-ms-win-crt-utility-l1-1-0.dll
0x00007ffcd57d0000 - 0x00007ffcd58c6000 	C:\Program Files\Java\jre1.8.0_202\bin\ucrtbase.dll
0x00007ffd01950000 - 0x00007ffd01966000 	C:\Program Files\Java\jre1.8.0_202\bin\vcruntime140.dll
0x00007ffccb890000 - 0x00007ffccb92c000 	C:\Program Files\Java\jre1.8.0_202\bin\msvcp140.dll
0x00007ffce7420000 - 0x00007ffce7471000 	C:\Program Files\Java\jre1.8.0_202\bin\concrt140.dll
0x00007ffcd5b70000 - 0x00007ffcd5b93000 	C:\Program Files\Java\jre1.8.0_202\bin\prism_d3d.dll
0x00007ffcd0270000 - 0x00007ffcd043f000 	C:\WINDOWS\system32\d3d9.dll
0x00007ffd07bc0000 - 0x00007ffd07bd2000 	C:\WINDOWS\SYSTEM32\kernel.appcore.dll
0x00007ffd06ae0000 - 0x00007ffd06b0f000 	C:\WINDOWS\SYSTEM32\dwmapi.dll
0x00007ffd067a0000 - 0x00007ffd0683e000 	C:\WINDOWS\system32\uxtheme.dll
0x00007ffcd0100000 - 0x00007ffcd0263000 	C:\WINDOWS\System32\DriverStore\FileRepository\iigd_dch.inf_amd64_a086f01cc7be643a\igdumdim64.dll
0x00007ffd09340000 - 0x00007ffd09367000 	C:\WINDOWS\System32\bcrypt.dll
0x00007ffcc3810000 - 0x00007ffcc7214000 	C:\WINDOWS\System32\DriverStore\FileRepository\iigd_dch.inf_amd64_a086f01cc7be643a\igd9dxva64.dll
0x00007ffd0b500000 - 0x00007ffd0b62a000 	C:\WINDOWS\System32\ole32.dll
0x00007ffd0b1b0000 - 0x00007ffd0b27d000 	C:\WINDOWS\System32\OLEAUT32.dll
0x00007ffd0b740000 - 0x00007ffd0bbb0000 	C:\WINDOWS\System32\SETUPAPI.dll
0x00007ffd093e0000 - 0x00007ffd0942e000 	C:\WINDOWS\System32\cfgmgr32.dll
0x00007ffcfec90000 - 0x00007ffcfeecf000 	C:\WINDOWS\System32\DriverStore\FileRepository\iigd_dch.inf_amd64_a086f01cc7be643a\igdgmm64.dll
0x00007ffcd5930000 - 0x00007ffcd5979000 	C:\Program Files\Java\jre1.8.0_202\bin\glass.dll
0x00007ffd0af80000 - 0x00007ffd0b05b000 	C:\WINDOWS\System32\COMDLG32.dll
0x00007ffd0ab00000 - 0x00007ffd0ac16000 	C:\WINDOWS\System32\MSCTF.dll
0x00007ffd09690000 - 0x00007ffd09712000 	C:\WINDOWS\System32\bcryptPrimitives.dll
0x00007ffcd8f90000 - 0x00007ffcd8fb7000 	C:\WINDOWS\System32\DriverStore\FileRepository\iigd_dch.inf_amd64_a086f01cc7be643a\igdinfo64.dll
0x00007ffcfbfb0000 - 0x00007ffcfec12000 	C:\WINDOWS\System32\DriverStore\FileRepository\iigd_dch.inf_amd64_a086f01cc7be643a\igc64.dll
0x00007ffd008f0000 - 0x00007ffd0092b000 	C:\WINDOWS\SYSTEM32\dxcore.dll
0x00007ffcf4100000 - 0x00007ffcf4114000 	C:\Program Files\Java\jre1.8.0_202\bin\javafx_font.dll
0x00007ffce7060000 - 0x00007ffce72df000 	C:\WINDOWS\SYSTEM32\dwrite.dll
0x00007ffd0b630000 - 0x00007ffd0b6d9000 	C:\WINDOWS\System32\clbcatq.dll
0x00007ffd03950000 - 0x00007ffd03b04000 	C:\WINDOWS\SYSTEM32\WindowsCodecs.dll
0x00007ffcef1b0000 - 0x00007ffcef1ee000 	C:\WINDOWS\system32\dataexchange.dll
0x00007ffd04780000 - 0x00007ffd049e4000 	C:\WINDOWS\system32\d3d11.dll
0x00007ffd05770000 - 0x00007ffd05955000 	C:\WINDOWS\system32\dcomp.dll
0x00007ffd07d00000 - 0x00007ffd07df3000 	C:\WINDOWS\system32\dxgi.dll
0x00007ffd03b50000 - 0x00007ffd03d51000 	C:\WINDOWS\system32\twinapi.appcore.dll
0x00007ffcd5b30000 - 0x00007ffcd5b64000 	C:\Program Files\Common Files\Microsoft Shared\Ink\rtscom.dll
0x00007ffcf8ee0000 - 0x00007ffcf8fd9000 	C:\WINDOWS\SYSTEM32\textinputframework.dll
0x00007ffd05960000 - 0x00007ffd05cbe000 	C:\WINDOWS\System32\CoreUIComponents.dll
0x00007ffd06240000 - 0x00007ffd06332000 	C:\WINDOWS\System32\CoreMessaging.dll
0x00007ffd07fd0000 - 0x00007ffd08003000 	C:\WINDOWS\SYSTEM32\ntmarta.dll
0x00007ffd04e50000 - 0x00007ffd04fa4000 	C:\WINDOWS\SYSTEM32\wintypes.dll

VM Arguments:
jvm_args: -Dfile.encoding=Cp1252 
java_command: sn.umapp.UMApplication
java_class_path (initial): C:\Users\nabyFall\eclipse-workspace\app-manager-user\bin;C:\eclipse\eclipse-jse-2018\plugins\org.eclipse.fx.ide.css.jfx8_3.4.1.201810030906.jar
Launcher Type: SUN_STANDARD

Environment Variables:
JAVA_HOME=C:\Program Files\Java\jdk1.8.0_202\bin
PATH=C:/Program Files/Java/jre1.8.0_202/bin/server;C:/Program Files/Java/jre1.8.0_202/bin;C:/Program Files/Java/jre1.8.0_202/lib/amd64;C:\Program Files\Common Files\Oracle\Java\javapath;C:\Program Files (x86)\Common Files\Oracle\Java\javapath;C:\Python310\Scripts\;C:\Python310\;C:\WINDOWS\system32;C:\WINDOWS;C:\WINDOWS\System32\Wbem;C:\WINDOWS\System32\WindowsPowerShell\v1.0\;C:\WINDOWS\System32\OpenSSH\;C:\Program Files\nodejs\;C:\ProgramData\chocolatey\bin;C:\Program Files\Microsoft VS Code\bin;C:\Program Files\Docker\Docker\resources\bin;C:\ProgramData\DockerDesktop\version-bin;C:\xampp\php;C:\xampp\mysql\bin;C:\Program Files\Microsoft SQL Server\150\Tools\Binn\;C:\Program Files\Microsoft SQL Server\Client SDK\ODBC\170\Tools\Binn\;C:\Program Files\dotnet\;C:\Program Files\Symfony;C:\composer;C:\Program Files (x86)\Intel\Intel(R) Management Engine Components\DAL;C:\Program Files\Intel\Intel(R) Management Engine Components\DAL;C:\Program Files\MongoDB\Server\5.0\bin;C:\apache-maven-3.8.4\bin;C:\Program Files\CodeBlocks\MinGW\bin;C:\Program Files\Java\jdk1.8.0_202\bin;C:\Program Files\Java\jdk-11.0.12\bin;C:\Program Files\Git\cmd;C:\Program Files (x86)\Oracle\JavaFX Scene Builder 2.0\runtime\jre\bin;C:\Users\nabyFall\AppData\Local\Microsoft\WindowsApps;C:\Users\nabyFall\AppData\Roaming\npm;C:\Users\nabyFall\.dotnet\tools;C:\Users\nabyFall\AppData\Roaming\Composer\vendor\bin;C:\Program Files\JetBrains\IntelliJ IDEA 2019.1.2\bin;;C:\Program Files\JetBrains\PhpStorm 2020.2.1\bin;;C:\eclipse\eclipse-jse-2018;
USERNAME=nabyFall
OS=Windows_NT
PROCESSOR_IDENTIFIER=Intel64 Family 6 Model 78 Stepping 3, GenuineIntel



---------------  S Y S T E M  ---------------

OS: Windows 10.0 , 64 bit Build 19041 (10.0.19041.1566)

CPU:total 4 (initial active 4) (2 cores per cpu, 2 threads per core) family 6 model 78 stepping 3, cmov, cx8, fxsr, mmx, sse, sse2, sse3, ssse3, sse4.1, sse4.2, popcnt, avx, avx2, aes, clmul, erms, 3dnowpref, lzcnt, ht, tsc, tscinvbit, bmi1, bmi2, adx

Memory: 4k page, physical 8257008k(1688952k free), swap 17205116k(5408k free)

vm_info: Java HotSpot(TM) 64-Bit Server VM (25.202-b08) for windows-amd64 JRE (1.8.0_202-b08), built on Dec 15 2018 19:54:30 by "java_re" with MS VC++ 10.0 (VS2010)

time: Wed Mar 30 15:36:50 2022
timezone: Greenwich
elapsed time: 1 seconds (0d 0h 0m 1s)

