#
# There is insufficient memory for the Java Runtime Environment to continue.
# Native memory allocation (malloc) failed to allocate 1051136 bytes for Chunk::new
# Possible reasons:
#   The system is out of physical RAM or swap space
#   The process is running with CompressedOops enabled, and the Java Heap may be blocking the growth of the native heap
# Possible solutions:
#   Reduce memory load on the system
#   Increase physical memory or swap space
#   Check if swap backing store is full
#   Decrease Java heap size (-Xmx/-Xms)
#   Decrease number of Java threads
#   Decrease Java thread stack sizes (-Xss)
#   Set larger code cache with -XX:ReservedCodeCacheSize=
#   JVM is running with Unscaled Compressed Oops mode in which the Java heap is
#     placed in the first 4GB address space. The Java Heap base address is the
#     maximum limit for the native heap growth. Please use -XX:HeapBaseMinAddress
#     to set the Java Heap base and to place the Java Heap above 4GB virtual address.
# This output file may be truncated or incomplete.
#
#  Out of Memory Error (allocation.cpp:389), pid=26064, tid=0x0000000000006b8c
#
# JRE version: Java(TM) SE Runtime Environment (8.0_202-b08) (build 1.8.0_202-b08)
# Java VM: Java HotSpot(TM) 64-Bit Server VM (25.202-b08 mixed mode windows-amd64 compressed oops)
# Failed to write core dump. Minidumps are not enabled by default on client versions of Windows
#

---------------  T H R E A D  ---------------

Current thread (0x00000000170b1800):  JavaThread "C2 CompilerThread0" daemon [_thread_in_native, id=27532, stack(0x0000000018740000,0x0000000018840000)]

Stack: [0x0000000018740000,0x0000000018840000]
[error occurred during error reporting (printing stack bounds), id 0xc0000005]

Native frames: (J=compiled Java code, j=interpreted, Vv=VM code, C=native code)


Current CompileTask:
C2:   1816 1248       4       com.sun.javafx.css.CompoundSelector::applies (144 bytes)


---------------  P R O C E S S  ---------------

Java Threads: ( => current thread )
  0x00000000194b1800 JavaThread "Prism Font Disposer" daemon [_thread_blocked, id=19928, stack(0x0000000020f80000,0x0000000021080000)]
  0x00000000192d4800 JavaThread "Thread-3" daemon [_thread_in_native, id=16044, stack(0x000000001e980000,0x000000001ea80000)]
  0x00000000192b8800 JavaThread "JavaFX-Launcher" [_thread_blocked, id=8584, stack(0x000000001ea80000,0x000000001eb80000)]
  0x0000000019209000 JavaThread "JavaFX Application Thread" [_thread_blocked, id=11696, stack(0x0000000019da0000,0x0000000019ea0000)]
  0x0000000019205800 JavaThread "Thread-1" daemon [_thread_blocked, id=21596, stack(0x0000000019ca0000,0x0000000019da0000)]
  0x0000000018e16800 JavaThread "QuantumRenderer-0" daemon [_thread_in_native, id=20500, stack(0x00000000199f0000,0x0000000019af0000)]
  0x000000001710e800 JavaThread "Service Thread" daemon [_thread_blocked, id=16420, stack(0x0000000018e40000,0x0000000018f40000)]
  0x00000000170bd800 JavaThread "C1 CompilerThread2" daemon [_thread_blocked, id=1572, stack(0x0000000018940000,0x0000000018a40000)]
  0x00000000170b9000 JavaThread "C2 CompilerThread1" daemon [_thread_blocked, id=8296, stack(0x0000000018840000,0x0000000018940000)]
=>0x00000000170b1800 JavaThread "C2 CompilerThread0" daemon [_thread_in_native, id=27532, stack(0x0000000018740000,0x0000000018840000)]
  0x00000000170ad800 JavaThread "Attach Listener" daemon [_thread_blocked, id=14688, stack(0x0000000018640000,0x0000000018740000)]
  0x00000000170ac000 JavaThread "Signal Dispatcher" daemon [_thread_blocked, id=7248, stack(0x0000000018540000,0x0000000018640000)]
  0x000000001709a800 JavaThread "Finalizer" daemon [_thread_blocked, id=26672, stack(0x0000000018310000,0x0000000018410000)]
  0x00000000025b0800 JavaThread "Reference Handler" daemon [_thread_blocked, id=23716, stack(0x0000000018210000,0x0000000018310000)]
  0x00000000024c2800 JavaThread "main" [_thread_blocked, id=21044, stack(0x00000000022d0000,0x00000000023d0000)]

Other Threads:
  0x0000000017078000 VMThread [stack: 0x0000000018110000,0x0000000018210000] [id=17488]
  0x0000000018a8b800 WatcherThread [stack: 0x0000000018f40000,0x0000000019040000] [id=19704]

VM state:not at safepoint (normal execution)

VM Mutex/Monitor currently owned by a thread: None

heap address: 0x0000000082000000, size: 2016 MB, Compressed Oops mode: 32-bit
Narrow klass base: 0x0000000000000000, Narrow klass shift: 3
Compressed class space size: 1073741824 Address: 0x0000000100000000

Heap:
 PSYoungGen      total 37888K, used 18963K [0x00000000d6000000, 0x00000000d8a00000, 0x0000000100000000)
  eden space 32768K, 45% used [0x00000000d6000000,0x00000000d6e78170,0x00000000d8000000)
  from space 5120K, 80% used [0x00000000d8000000,0x00000000d840cac0,0x00000000d8500000)
  to   space 5120K, 0% used [0x00000000d8500000,0x00000000d8500000,0x00000000d8a00000)
 ParOldGen       total 86016K, used 80K [0x0000000082000000, 0x0000000087400000, 0x00000000d6000000)
  object space 86016K, 0% used [0x0000000082000000,0x0000000082014010,0x0000000087400000)
 Metaspace       used 16520K, capacity 17606K, committed 17792K, reserved 1064960K
  class space    used 2457K, capacity 2664K, committed 2688K, reserved 1048576K

Card table byte_map: [0x0000000011980000,0x0000000011d80000] byte_map_base: 0x0000000011570000

Marking Bits: (ParMarkBitMap*) 0x000000006def5ce0
 Begin Bits: [0x0000000012420000, 0x00000000143a0000)
 End Bits:   [0x00000000143a0000, 0x0000000016320000)

Polling page: 0x00000000005c0000

CodeCache: size=245760Kb used=5595Kb max_used=5595Kb free=240164Kb
 bounds [0x00000000025c0000, 0x0000000002b40000, 0x00000000115c0000]
 total_blobs=2447 nmethods=1819 adapters=540
 compilation: enabled

Compilation events (10 events):
Event: 1.808 Thread 0x00000000170bd800 1823       1       com.sun.javafx.geom.transform.BaseTransform::getMxz (2 bytes)
Event: 1.808 Thread 0x00000000170bd800 nmethod 1823 0x0000000002b31010 code [0x0000000002b31160, 0x0000000002b31270]
Event: 1.808 Thread 0x00000000170bd800 1824       1       com.sun.javafx.geom.transform.BaseTransform::getMyz (2 bytes)
Event: 1.809 Thread 0x00000000170bd800 nmethod 1824 0x0000000002b30d50 code [0x0000000002b30ea0, 0x0000000002b30fb0]
Event: 1.809 Thread 0x00000000170bd800 1825       1       com.sun.javafx.geom.transform.BaseTransform::getMzx (2 bytes)
Event: 1.809 Thread 0x00000000170bd800 nmethod 1825 0x0000000002b30a90 code [0x0000000002b30be0, 0x0000000002b30cf0]
Event: 1.809 Thread 0x00000000170bd800 1826       1       com.sun.javafx.geom.transform.BaseTransform::getMzy (2 bytes)
Event: 1.809 Thread 0x00000000170bd800 nmethod 1826 0x0000000002b307d0 code [0x0000000002b30920, 0x0000000002b30a30]
Event: 1.809 Thread 0x00000000170bd800 1827       1       com.sun.javafx.geom.transform.BaseTransform::getMzz (2 bytes)
Event: 1.809 Thread 0x00000000170bd800 nmethod 1827 0x0000000002b304d0 code [0x0000000002b30640, 0x0000000002b30750]

GC Heap History (2 events):
Event: 1.285 GC heap before
{Heap before GC invocations=1 (full 0):
 PSYoungGen      total 37888K, used 32768K [0x00000000d6000000, 0x00000000d8a00000, 0x0000000100000000)
  eden space 32768K, 100% used [0x00000000d6000000,0x00000000d8000000,0x00000000d8000000)
  from space 5120K, 0% used [0x00000000d8500000,0x00000000d8500000,0x00000000d8a00000)
  to   space 5120K, 0% used [0x00000000d8000000,0x00000000d8000000,0x00000000d8500000)
 ParOldGen       total 86016K, used 0K [0x0000000082000000, 0x0000000087400000, 0x00000000d6000000)
  object space 86016K, 0% used [0x0000000082000000,0x0000000082000000,0x0000000087400000)
 Metaspace       used 14274K, capacity 14960K, committed 15104K, reserved 1062912K
  class space    used 2113K, capacity 2267K, committed 2304K, reserved 1048576K
Event: 1.292 GC heap after
Heap after GC invocations=1 (full 0):
 PSYoungGen      total 37888K, used 4146K [0x00000000d6000000, 0x00000000d8a00000, 0x0000000100000000)
  eden space 32768K, 0% used [0x00000000d6000000,0x00000000d6000000,0x00000000d8000000)
  from space 5120K, 80% used [0x00000000d8000000,0x00000000d840cac0,0x00000000d8500000)
  to   space 5120K, 0% used [0x00000000d8500000,0x00000000d8500000,0x00000000d8a00000)
 ParOldGen       total 86016K, used 80K [0x0000000082000000, 0x0000000087400000, 0x00000000d6000000)
  object space 86016K, 0% used [0x0000000082000000,0x0000000082014010,0x0000000087400000)
 Metaspace       used 14274K, capacity 14960K, committed 15104K, reserved 1062912K
  class space    used 2113K, capacity 2267K, committed 2304K, reserved 1048576K
}

Deoptimization events (10 events):
Event: 0.862 Thread 0x0000000019209000 Uncommon trap: reason=class_check action=maybe_recompile pc=0x0000000002831620 method=java.io.DataInputStream.readShort()S @ 4
Event: 0.862 Thread 0x0000000019209000 Uncommon trap: reason=class_check action=maybe_recompile pc=0x0000000002831620 method=java.io.DataInputStream.readShort()S @ 4
Event: 0.874 Thread 0x0000000019209000 Uncommon trap: reason=class_check action=maybe_recompile pc=0x00000000026de4e8 method=java.lang.String.equals(Ljava/lang/Object;)Z @ 8
Event: 0.874 Thread 0x0000000019209000 Uncommon trap: reason=class_check action=maybe_recompile pc=0x00000000026de4e8 method=java.lang.String.equals(Ljava/lang/Object;)Z @ 8
Event: 0.874 Thread 0x0000000019209000 Uncommon trap: reason=class_check action=maybe_recompile pc=0x00000000026de4e8 method=java.lang.String.equals(Ljava/lang/Object;)Z @ 8
Event: 0.875 Thread 0x0000000019209000 Uncommon trap: reason=class_check action=maybe_recompile pc=0x00000000026de4e8 method=java.lang.String.equals(Ljava/lang/Object;)Z @ 8
Event: 1.303 Thread 0x0000000019209000 Uncommon trap: reason=unstable_if action=reinterpret pc=0x000000000298e3bc method=java.lang.ref.SoftReference.get()Ljava/lang/Object; @ 17
Event: 1.303 Thread 0x0000000019209000 Uncommon trap: reason=unstable_if action=reinterpret pc=0x000000000297bf28 method=java.lang.ref.SoftReference.get()Ljava/lang/Object; @ 17
Event: 1.304 Thread 0x0000000019209000 Uncommon trap: reason=unstable_if action=reinterpret pc=0x0000000002990e10 method=java.lang.ref.SoftReference.get()Ljava/lang/Object; @ 17
Event: 1.620 Thread 0x0000000019209000 Uncommon trap: reason=unstable_if action=reinterpret pc=0x00000000027cb040 method=java.lang.CharacterData.of(I)Ljava/lang/CharacterData; @ 4

Classes redefined (0 events):
No events

Internal exceptions (10 events):
Event: 0.695 Thread 0x0000000019209000 Exception <a 'java/lang/ArrayIndexOutOfBoundsException': 86> (0x00000000d716d598) thrown at [C:\re\workspace\8-2-build-windows-amd64-cygwin\jdk8u202\12323\hotspot\src\share\vm\interpreter\interpreterRuntime.cpp, line 368]
Event: 0.696 Thread 0x0000000019209000 Exception <a 'java/lang/ArrayIndexOutOfBoundsException'> (0x00000000d716f8a8) thrown at [C:\re\workspace\8-2-build-windows-amd64-cygwin\jdk8u202\12323\hotspot\src\share\vm\runtime\sharedRuntime.cpp, line 605]
Event: 0.734 Thread 0x0000000019209000 Implicit null exception at 0x00000000028467b5 to 0x000000000284698d
Event: 1.220 Thread 0x0000000019209000 Exception <a 'java/lang/ArrayIndexOutOfBoundsException'> (0x00000000d7c318f8) thrown at [C:\re\workspace\8-2-build-windows-amd64-cygwin\jdk8u202\12323\hotspot\src\share\vm\runtime\sharedRuntime.cpp, line 605]
Event: 1.220 Thread 0x0000000019209000 Exception <a 'java/lang/ArrayIndexOutOfBoundsException'> (0x00000000d7c328f8) thrown at [C:\re\workspace\8-2-build-windows-amd64-cygwin\jdk8u202\12323\hotspot\src\share\vm\runtime\sharedRuntime.cpp, line 605]
Event: 1.221 Thread 0x0000000019209000 Exception <a 'java/lang/ArrayIndexOutOfBoundsException'> (0x00000000d7c34168) thrown at [C:\re\workspace\8-2-build-windows-amd64-cygwin\jdk8u202\12323\hotspot\src\share\vm\runtime\sharedRuntime.cpp, line 605]
Event: 1.227 Thread 0x0000000019209000 Exception <a 'java/lang/ArrayIndexOutOfBoundsException'> (0x00000000d7c7e3d8) thrown at [C:\re\workspace\8-2-build-windows-amd64-cygwin\jdk8u202\12323\hotspot\src\share\vm\runtime\sharedRuntime.cpp, line 605]
Event: 1.227 Thread 0x0000000019209000 Exception <a 'java/lang/ArrayIndexOutOfBoundsException'> (0x00000000d7c80700) thrown at [C:\re\workspace\8-2-build-windows-amd64-cygwin\jdk8u202\12323\hotspot\src\share\vm\runtime\sharedRuntime.cpp, line 605]
Event: 1.250 Thread 0x0000000019209000 Exception <a 'java/lang/ArrayIndexOutOfBoundsException'> (0x00000000d7dce440) thrown at [C:\re\workspace\8-2-build-windows-amd64-cygwin\jdk8u202\12323\hotspot\src\share\vm\runtime\sharedRuntime.cpp, line 605]
Event: 1.254 Thread 0x0000000019209000 Exception <a 'java/lang/ArrayIndexOutOfBoundsException'> (0x00000000d7e287a8) thrown at [C:\re\workspace\8-2-build-windows-amd64-cygwin\jdk8u202\12323\hotspot\src\share\vm\runtime\sharedRuntime.cpp, line 605]

Events (10 events):
Event: 1.803 loading class com/sun/javafx/image/impl/BaseByteToByteConverter
Event: 1.803 loading class com/sun/javafx/image/impl/BaseByteToByteConverter done
Event: 1.804 loading class com/sun/javafx/image/impl/BaseByteToByteConverter$ByteAnyToSameConverter
Event: 1.804 loading class com/sun/javafx/image/impl/BaseByteToByteConverter$ByteAnyToSameConverter done
Event: 1.805 loading class com/sun/javafx/geom/Path2D$TxIterator
Event: 1.805 loading class com/sun/javafx/geom/Path2D$TxIterator done
Event: 1.805 loading class com/sun/javafx/geom/Path2D$Iterator
Event: 1.805 loading class com/sun/javafx/geom/Path2D$Iterator done
Event: 1.807 loading class com/sun/prism/shader/Texture_LinearGradient_PAD_Loader
Event: 1.807 loading class com/sun/prism/shader/Texture_LinearGradient_PAD_Loader done


Dynamic libraries:
0x00007ff6824c0000 - 0x00007ff6824f7000 	C:\Program Files\Java\jre1.8.0_202\bin\javaw.exe
0x00007ffd0bbf0000 - 0x00007ffd0bde5000 	C:\WINDOWS\SYSTEM32\ntdll.dll
0x00007ffd0b390000 - 0x00007ffd0b44e000 	C:\WINDOWS\System32\KERNEL32.DLL
0x00007ffd09720000 - 0x00007ffd099e8000 	C:\WINDOWS\System32\KERNELBASE.dll
0x00007ffd0b060000 - 0x00007ffd0b10e000 	C:\WINDOWS\System32\ADVAPI32.dll
0x00007ffd0b460000 - 0x00007ffd0b4fe000 	C:\WINDOWS\System32\msvcrt.dll
0x00007ffd09dc0000 - 0x00007ffd09e5c000 	C:\WINDOWS\System32\sechost.dll
0x00007ffd0a1c0000 - 0x00007ffd0a2e5000 	C:\WINDOWS\System32\RPCRT4.dll
0x00007ffd0a010000 - 0x00007ffd0a1b0000 	C:\WINDOWS\System32\USER32.dll
0x00007ffd09310000 - 0x00007ffd09332000 	C:\WINDOWS\System32\win32u.dll
0x00007ffd0b180000 - 0x00007ffd0b1ab000 	C:\WINDOWS\System32\GDI32.dll
0x00007ffd09580000 - 0x00007ffd0968b000 	C:\WINDOWS\System32\gdi32full.dll
0x00007ffd094e0000 - 0x00007ffd0957d000 	C:\WINDOWS\System32\msvcp_win.dll
0x00007ffd099f0000 - 0x00007ffd09af0000 	C:\WINDOWS\System32\ucrtbase.dll
0x00007ffcf5110000 - 0x00007ffcf53aa000 	C:\WINDOWS\WinSxS\amd64_microsoft.windows.common-controls_6595b64144ccf1df_6.0.19041.1110_none_60b5254171f9507e\COMCTL32.dll
0x00007ffd09d30000 - 0x00007ffd09d60000 	C:\WINDOWS\System32\IMM32.DLL
0x000000006e240000 - 0x000000006e312000 	C:\Program Files\Java\jre1.8.0_202\bin\msvcr100.dll
0x000000006d6d0000 - 0x000000006df75000 	C:\Program Files\Java\jre1.8.0_202\bin\server\jvm.dll
0x00007ffd0b450000 - 0x00007ffd0b458000 	C:\WINDOWS\System32\PSAPI.DLL
0x00007ffd07ac0000 - 0x00007ffd07aca000 	C:\WINDOWS\SYSTEM32\VERSION.dll
0x00007ffcf2040000 - 0x00007ffcf2067000 	C:\WINDOWS\SYSTEM32\WINMM.dll
0x00007ffd04360000 - 0x00007ffd04369000 	C:\WINDOWS\SYSTEM32\WSOCK32.dll
0x00007ffd0b110000 - 0x00007ffd0b17b000 	C:\WINDOWS\System32\WS2_32.dll
0x00007ffd03150000 - 0x00007ffd0315f000 	C:\Program Files\Java\jre1.8.0_202\bin\verify.dll
0x00007ffd01900000 - 0x00007ffd01929000 	C:\Program Files\Java\jre1.8.0_202\bin\java.dll
0x00007ffd01050000 - 0x00007ffd01066000 	C:\Program Files\Java\jre1.8.0_202\bin\zip.dll
0x00007ffd0a2f0000 - 0x00007ffd0aa34000 	C:\WINDOWS\System32\SHELL32.dll
0x00007ffd07100000 - 0x00007ffd07894000 	C:\WINDOWS\SYSTEM32\windows.storage.dll
0x00007ffd0ac20000 - 0x00007ffd0af74000 	C:\WINDOWS\System32\combase.dll
0x00007ffd08bc0000 - 0x00007ffd08bec000 	C:\WINDOWS\SYSTEM32\Wldp.dll
0x00007ffd0b280000 - 0x00007ffd0b32d000 	C:\WINDOWS\System32\SHCORE.dll
0x00007ffd09d60000 - 0x00007ffd09db5000 	C:\WINDOWS\System32\shlwapi.dll
0x00007ffd09250000 - 0x00007ffd0926f000 	C:\WINDOWS\SYSTEM32\profapi.dll
0x0000000000b00000 - 0x0000000000b03000 	C:\Program Files\Java\jre1.8.0_202\bin\api-ms-win-core-console-l1-1-0.dll
0x0000000000b10000 - 0x0000000000b13000 	C:\Program Files\Java\jre1.8.0_202\bin\api-ms-win-core-datetime-l1-1-0.dll
0x0000000002400000 - 0x0000000002403000 	C:\Program Files\Java\jre1.8.0_202\bin\api-ms-win-core-debug-l1-1-0.dll
0x0000000002410000 - 0x0000000002413000 	C:\Program Files\Java\jre1.8.0_202\bin\api-ms-win-core-errorhandling-l1-1-0.dll
0x0000000002420000 - 0x0000000002424000 	C:\Program Files\Java\jre1.8.0_202\bin\api-ms-win-core-file-l1-1-0.dll
0x0000000002430000 - 0x0000000002433000 	C:\Program Files\Java\jre1.8.0_202\bin\api-ms-win-core-file-l1-2-0.dll
0x0000000002440000 - 0x0000000002443000 	C:\Program Files\Java\jre1.8.0_202\bin\api-ms-win-core-file-l2-1-0.dll
0x0000000002450000 - 0x0000000002453000 	C:\Program Files\Java\jre1.8.0_202\bin\api-ms-win-core-handle-l1-1-0.dll
0x0000000002460000 - 0x0000000002463000 	C:\Program Files\Java\jre1.8.0_202\bin\api-ms-win-core-heap-l1-1-0.dll
0x0000000002470000 - 0x0000000002473000 	C:\Program Files\Java\jre1.8.0_202\bin\api-ms-win-core-interlocked-l1-1-0.dll
0x0000000002480000 - 0x0000000002483000 	C:\Program Files\Java\jre1.8.0_202\bin\api-ms-win-core-libraryloader-l1-1-0.dll
0x0000000002490000 - 0x0000000002493000 	C:\Program Files\Java\jre1.8.0_202\bin\api-ms-win-core-localization-l1-2-0.dll
0x00000000024a0000 - 0x00000000024a3000 	C:\Program Files\Java\jre1.8.0_202\bin\api-ms-win-core-memory-l1-1-0.dll
0x0000000019040000 - 0x0000000019043000 	C:\Program Files\Java\jre1.8.0_202\bin\api-ms-win-core-namedpipe-l1-1-0.dll
0x0000000019050000 - 0x0000000019053000 	C:\Program Files\Java\jre1.8.0_202\bin\api-ms-win-core-processenvironment-l1-1-0.dll
0x0000000019060000 - 0x0000000019063000 	C:\Program Files\Java\jre1.8.0_202\bin\api-ms-win-core-processthreads-l1-1-0.dll
0x0000000019070000 - 0x0000000019073000 	C:\Program Files\Java\jre1.8.0_202\bin\api-ms-win-core-processthreads-l1-1-1.dll
0x0000000019080000 - 0x0000000019083000 	C:\Program Files\Java\jre1.8.0_202\bin\api-ms-win-core-profile-l1-1-0.dll
0x0000000019090000 - 0x0000000019093000 	C:\Program Files\Java\jre1.8.0_202\bin\api-ms-win-core-rtlsupport-l1-1-0.dll
0x00000000190a0000 - 0x00000000190a3000 	C:\Program Files\Java\jre1.8.0_202\bin\api-ms-win-core-string-l1-1-0.dll
0x00000000190b0000 - 0x00000000190b3000 	C:\Program Files\Java\jre1.8.0_202\bin\api-ms-win-core-synch-l1-1-0.dll
0x00000000190c0000 - 0x00000000190c3000 	C:\Program Files\Java\jre1.8.0_202\bin\api-ms-win-core-synch-l1-2-0.dll
0x00000000190d0000 - 0x00000000190d3000 	C:\Program Files\Java\jre1.8.0_202\bin\api-ms-win-core-sysinfo-l1-1-0.dll
0x00000000190e0000 - 0x00000000190e3000 	C:\Program Files\Java\jre1.8.0_202\bin\api-ms-win-core-timezone-l1-1-0.dll
0x00000000190f0000 - 0x00000000190f3000 	C:\Program Files\Java\jre1.8.0_202\bin\api-ms-win-core-util-l1-1-0.dll
0x0000000019100000 - 0x0000000019103000 	C:\Program Files\Java\jre1.8.0_202\bin\api-ms-win-crt-conio-l1-1-0.dll
0x0000000019110000 - 0x0000000019114000 	C:\Program Files\Java\jre1.8.0_202\bin\api-ms-win-crt-convert-l1-1-0.dll
0x0000000019120000 - 0x0000000019123000 	C:\Program Files\Java\jre1.8.0_202\bin\api-ms-win-crt-environment-l1-1-0.dll
0x0000000019130000 - 0x0000000019133000 	C:\Program Files\Java\jre1.8.0_202\bin\api-ms-win-crt-filesystem-l1-1-0.dll
0x0000000019140000 - 0x0000000019143000 	C:\Program Files\Java\jre1.8.0_202\bin\api-ms-win-crt-heap-l1-1-0.dll
0x0000000019150000 - 0x0000000019153000 	C:\Program Files\Java\jre1.8.0_202\bin\api-ms-win-crt-locale-l1-1-0.dll
0x0000000019160000 - 0x0000000019165000 	C:\Program Files\Java\jre1.8.0_202\bin\api-ms-win-crt-math-l1-1-0.dll
0x0000000019170000 - 0x0000000019175000 	C:\Program Files\Java\jre1.8.0_202\bin\api-ms-win-crt-multibyte-l1-1-0.dll
0x0000000019180000 - 0x0000000019190000 	C:\Program Files\Java\jre1.8.0_202\bin\api-ms-win-crt-private-l1-1-0.dll
0x0000000019190000 - 0x0000000019193000 	C:\Program Files\Java\jre1.8.0_202\bin\api-ms-win-crt-process-l1-1-0.dll
0x00000000191a0000 - 0x00000000191a4000 	C:\Program Files\Java\jre1.8.0_202\bin\api-ms-win-crt-runtime-l1-1-0.dll
0x00000000191b0000 - 0x00000000191b4000 	C:\Program Files\Java\jre1.8.0_202\bin\api-ms-win-crt-stdio-l1-1-0.dll
0x00000000191c0000 - 0x00000000191c4000 	C:\Program Files\Java\jre1.8.0_202\bin\api-ms-win-crt-string-l1-1-0.dll
0x00000000191d0000 - 0x00000000191d3000 	C:\Program Files\Java\jre1.8.0_202\bin\api-ms-win-crt-time-l1-1-0.dll
0x00000000191e0000 - 0x00000000191e3000 	C:\Program Files\Java\jre1.8.0_202\bin\api-ms-win-crt-utility-l1-1-0.dll
0x00007ffcd57d0000 - 0x00007ffcd58c6000 	C:\Program Files\Java\jre1.8.0_202\bin\ucrtbase.dll
0x00007ffd01950000 - 0x00007ffd01966000 	C:\Program Files\Java\jre1.8.0_202\bin\vcruntime140.dll
0x00007ffccb890000 - 0x00007ffccb92c000 	C:\Program Files\Java\jre1.8.0_202\bin\msvcp140.dll
0x00007ffce7420000 - 0x00007ffce7471000 	C:\Program Files\Java\jre1.8.0_202\bin\concrt140.dll
0x00007ffcd5b70000 - 0x00007ffcd5b93000 	C:\Program Files\Java\jre1.8.0_202\bin\prism_d3d.dll
0x00007ffcd0270000 - 0x00007ffcd043f000 	C:\WINDOWS\system32\d3d9.dll
0x00007ffd07bc0000 - 0x00007ffd07bd2000 	C:\WINDOWS\SYSTEM32\kernel.appcore.dll
0x00007ffd06ae0000 - 0x00007ffd06b0f000 	C:\WINDOWS\SYSTEM32\dwmapi.dll
0x00007ffd067a0000 - 0x00007ffd0683e000 	C:\WINDOWS\system32\uxtheme.dll
0x00007ffcd0100000 - 0x00007ffcd0263000 	C:\WINDOWS\System32\DriverStore\FileRepository\iigd_dch.inf_amd64_a086f01cc7be643a\igdumdim64.dll
0x00007ffd09340000 - 0x00007ffd09367000 	C:\WINDOWS\System32\bcrypt.dll
0x00007ffcc3810000 - 0x00007ffcc7214000 	C:\WINDOWS\System32\DriverStore\FileRepository\iigd_dch.inf_amd64_a086f01cc7be643a\igd9dxva64.dll
0x00007ffd0b500000 - 0x00007ffd0b62a000 	C:\WINDOWS\System32\ole32.dll
0x00007ffd0b1b0000 - 0x00007ffd0b27d000 	C:\WINDOWS\System32\OLEAUT32.dll
0x00007ffd0b740000 - 0x00007ffd0bbb0000 	C:\WINDOWS\System32\SETUPAPI.dll
0x00007ffd093e0000 - 0x00007ffd0942e000 	C:\WINDOWS\System32\cfgmgr32.dll
0x00007ffcfec90000 - 0x00007ffcfeecf000 	C:\WINDOWS\System32\DriverStore\FileRepository\iigd_dch.inf_amd64_a086f01cc7be643a\igdgmm64.dll
0x00007ffcd5930000 - 0x00007ffcd5979000 	C:\Program Files\Java\jre1.8.0_202\bin\glass.dll
0x00007ffd0af80000 - 0x00007ffd0b05b000 	C:\WINDOWS\System32\COMDLG32.dll
0x00007ffd0ab00000 - 0x00007ffd0ac16000 	C:\WINDOWS\System32\MSCTF.dll
0x00007ffd09690000 - 0x00007ffd09712000 	C:\WINDOWS\System32\bcryptPrimitives.dll
0x00007ffcd8f90000 - 0x00007ffcd8fb7000 	C:\WINDOWS\System32\DriverStore\FileRepository\iigd_dch.inf_amd64_a086f01cc7be643a\igdinfo64.dll
0x00007ffcfbfb0000 - 0x00007ffcfec12000 	C:\WINDOWS\System32\DriverStore\FileRepository\iigd_dch.inf_amd64_a086f01cc7be643a\igc64.dll
0x00007ffd008f0000 - 0x00007ffd0092b000 	C:\WINDOWS\SYSTEM32\dxcore.dll
0x00007ffcf4100000 - 0x00007ffcf4114000 	C:\Program Files\Java\jre1.8.0_202\bin\javafx_font.dll
0x00007ffce7060000 - 0x00007ffce72df000 	C:\WINDOWS\SYSTEM32\dwrite.dll
0x00007ffd0b630000 - 0x00007ffd0b6d9000 	C:\WINDOWS\System32\clbcatq.dll
0x00007ffd03950000 - 0x00007ffd03b04000 	C:\WINDOWS\SYSTEM32\WindowsCodecs.dll
0x00007ffcef1b0000 - 0x00007ffcef1ee000 	C:\WINDOWS\system32\dataexchange.dll
0x00007ffd05770000 - 0x00007ffd05955000 	C:\WINDOWS\system32\dcomp.dll
0x00007ffd04780000 - 0x00007ffd049e4000 	C:\WINDOWS\system32\d3d11.dll
0x00007ffd07d00000 - 0x00007ffd07df3000 	C:\WINDOWS\system32\dxgi.dll
0x00007ffd03b50000 - 0x00007ffd03d51000 	C:\WINDOWS\system32\twinapi.appcore.dll
0x00007ffcd5b30000 - 0x00007ffcd5b64000 	C:\Program Files\Common Files\Microsoft Shared\Ink\rtscom.dll
0x00007ffcf8ee0000 - 0x00007ffcf8fd9000 	C:\WINDOWS\SYSTEM32\textinputframework.dll
0x00007ffd05960000 - 0x00007ffd05cbe000 	C:\WINDOWS\System32\CoreUIComponents.dll
0x00007ffd06240000 - 0x00007ffd06332000 	C:\WINDOWS\System32\CoreMessaging.dll
0x00007ffd07fd0000 - 0x00007ffd08003000 	C:\WINDOWS\SYSTEM32\ntmarta.dll
0x00007ffd04e50000 - 0x00007ffd04fa4000 	C:\WINDOWS\SYSTEM32\wintypes.dll
0x00007ffcec730000 - 0x00007ffcec742000 	C:\Program Files\Java\jre1.8.0_202\bin\prism_common.dll

VM Arguments:
jvm_args: -Dfile.encoding=Cp1252 
java_command: sn.umapp.UMApplication
java_class_path (initial): C:\Users\nabyFall\eclipse-workspace\app-manager-user\bin;C:\eclipse\eclipse-jse-2018\plugins\org.eclipse.fx.ide.css.jfx8_3.4.1.201810030906.jar
Launcher Type: SUN_STANDARD

Environment Variables:
JAVA_HOME=C:\Program Files\Java\jdk1.8.0_202\bin
PATH=C:/Program Files/Java/jre1.8.0_202/bin/server;C:/Program Files/Java/jre1.8.0_202/bin;C:/Program Files/Java/jre1.8.0_202/lib/amd64;C:\Program Files\Common Files\Oracle\Java\javapath;C:\Program Files (x86)\Common Files\Oracle\Java\javapath;C:\Python310\Scripts\;C:\Python310\;C:\WINDOWS\system32;C:\WINDOWS;C:\WINDOWS\System32\Wbem;C:\WINDOWS\System32\WindowsPowerShell\v1.0\;C:\WINDOWS\System32\OpenSSH\;C:\Program Files\nodejs\;C:\ProgramData\chocolatey\bin;C:\Program Files\Microsoft VS Code\bin;C:\Program Files\Docker\Docker\resources\bin;C:\ProgramData\DockerDesktop\version-bin;C:\xampp\php;C:\xampp\mysql\bin;C:\Program Files\Microsoft SQL Server\150\Tools\Binn\;C:\Program Files\Microsoft SQL Server\Client SDK\ODBC\170\Tools\Binn\;C:\Program Files\dotnet\;C:\Program Files\Symfony;C:\composer;C:\Program Files (x86)\Intel\Intel(R) Management Engine Components\DAL;C:\Program Files\Intel\Intel(R) Management Engine Components\DAL;C:\Program Files\MongoDB\Server\5.0\bin;C:\apache-maven-3.8.4\bin;C:\Program Files\CodeBlocks\MinGW\bin;C:\Program Files\Java\jdk1.8.0_202\bin;C:\Program Files\Java\jdk-11.0.12\bin;C:\Program Files\Git\cmd;C:\Program Files (x86)\Oracle\JavaFX Scene Builder 2.0\runtime\jre\bin;C:\Users\nabyFall\AppData\Local\Microsoft\WindowsApps;C:\Users\nabyFall\AppData\Roaming\npm;C:\Users\nabyFall\.dotnet\tools;C:\Users\nabyFall\AppData\Roaming\Composer\vendor\bin;C:\Program Files\JetBrains\IntelliJ IDEA 2019.1.2\bin;;C:\Program Files\JetBrains\PhpStorm 2020.2.1\bin;;C:\eclipse\eclipse-jse-2018;
USERNAME=nabyFall
OS=Windows_NT
PROCESSOR_IDENTIFIER=Intel64 Family 6 Model 78 Stepping 3, GenuineIntel



---------------  S Y S T E M  ---------------

OS: Windows 10.0 , 64 bit Build 19041 (10.0.19041.1566)

CPU:total 4 (initial active 4) (2 cores per cpu, 2 threads per core) family 6 model 78 stepping 3, cmov, cx8, fxsr, mmx, sse, sse2, sse3, ssse3, sse4.1, sse4.2, popcnt, avx, avx2, aes, clmul, erms, 3dnowpref, lzcnt, ht, tsc, tscinvbit, bmi1, bmi2, adx

Memory: 4k page, physical 8257008k(1447784k free), swap 17205116k(5984k free)

vm_info: Java HotSpot(TM) 64-Bit Server VM (25.202-b08) for windows-amd64 JRE (1.8.0_202-b08), built on Dec 15 2018 19:54:30 by "java_re" with MS VC++ 10.0 (VS2010)

time: Wed Mar 30 15:19:01 2022
timezone: Greenwich
elapsed time: 1 seconds (0d 0h 0m 1s)

