#
# There is insufficient memory for the Java Runtime Environment to continue.
# Native memory allocation (malloc) failed to allocate 1052144 bytes for Chunk::new
# Possible reasons:
#   The system is out of physical RAM or swap space
#   The process is running with CompressedOops enabled, and the Java Heap may be blocking the growth of the native heap
# Possible solutions:
#   Reduce memory load on the system
#   Increase physical memory or swap space
#   Check if swap backing store is full
#   Decrease Java heap size (-Xmx/-Xms)
#   Decrease number of Java threads
#   Decrease Java thread stack sizes (-Xss)
#   Set larger code cache with -XX:ReservedCodeCacheSize=
#   JVM is running with Unscaled Compressed Oops mode in which the Java heap is
#     placed in the first 4GB address space. The Java Heap base address is the
#     maximum limit for the native heap growth. Please use -XX:HeapBaseMinAddress
#     to set the Java Heap base and to place the Java Heap above 4GB virtual address.
# This output file may be truncated or incomplete.
#
#  Out of Memory Error (allocation.cpp:389), pid=10100, tid=0x0000000000005900
#
# JRE version: Java(TM) SE Runtime Environment (8.0_202-b08) (build 1.8.0_202-b08)
# Java VM: Java HotSpot(TM) 64-Bit Server VM (25.202-b08 mixed mode windows-amd64 compressed oops)
# Failed to write core dump. Minidumps are not enabled by default on client versions of Windows
#

---------------  T H R E A D  ---------------

Current thread (0x00000000171c2000):  JavaThread "C2 CompilerThread0" daemon [_thread_in_native, id=22784, stack(0x0000000018840000,0x0000000018940000)]

Stack: [0x0000000018840000,0x0000000018940000]
[error occurred during error reporting (printing stack bounds), id 0xc0000005]

Native frames: (J=compiled Java code, j=interpreted, Vv=VM code, C=native code)


Current CompileTask:
C2:   1861 1254       4       com.sun.javafx.css.CompoundSelector::applies (144 bytes)


---------------  P R O C E S S  ---------------

Java Threads: ( => current thread )
  0x000000001984c800 JavaThread "Prism Font Disposer" daemon [_thread_blocked, id=2748, stack(0x0000000021180000,0x0000000021280000)]
  0x0000000019412800 JavaThread "Thread-3" daemon [_thread_in_native, id=18912, stack(0x000000001eb30000,0x000000001ec30000)]
  0x0000000019445000 JavaThread "JavaFX-Launcher" [_thread_blocked, id=16052, stack(0x000000001ec30000,0x000000001ed30000)]
  0x0000000019390800 JavaThread "JavaFX Application Thread" [_thread_in_native, id=18920, stack(0x0000000019f60000,0x000000001a060000)]
  0x0000000019378000 JavaThread "Thread-1" daemon [_thread_blocked, id=23840, stack(0x0000000019e60000,0x0000000019f60000)]
  0x0000000018f2a800 JavaThread "QuantumRenderer-0" daemon [_thread_blocked, id=2352, stack(0x0000000019b70000,0x0000000019c70000)]
  0x0000000018b63000 JavaThread "Service Thread" daemon [_thread_blocked, id=21824, stack(0x0000000018f40000,0x0000000019040000)]
  0x00000000171d4800 JavaThread "C1 CompilerThread2" daemon [_thread_blocked, id=19216, stack(0x0000000018a40000,0x0000000018b40000)]
  0x00000000171ca800 JavaThread "C2 CompilerThread1" daemon [_thread_blocked, id=23572, stack(0x0000000018940000,0x0000000018a40000)]
=>0x00000000171c2000 JavaThread "C2 CompilerThread0" daemon [_thread_in_native, id=22784, stack(0x0000000018840000,0x0000000018940000)]
  0x00000000171be800 JavaThread "Attach Listener" daemon [_thread_blocked, id=15940, stack(0x0000000018740000,0x0000000018840000)]
  0x00000000171bb000 JavaThread "Signal Dispatcher" daemon [_thread_blocked, id=8184, stack(0x0000000018640000,0x0000000018740000)]
  0x00000000171aa800 JavaThread "Finalizer" daemon [_thread_blocked, id=16480, stack(0x0000000018410000,0x0000000018510000)]
  0x0000000002640800 JavaThread "Reference Handler" daemon [_thread_blocked, id=15344, stack(0x0000000018310000,0x0000000018410000)]
  0x0000000002552800 JavaThread "main" [_thread_blocked, id=15000, stack(0x0000000000c90000,0x0000000000d90000)]

Other Threads:
  0x0000000017188000 VMThread [stack: 0x0000000018210000,0x0000000018310000] [id=7196]
  0x0000000018b7c800 WatcherThread [stack: 0x0000000019040000,0x0000000019140000] [id=2188]

VM state:not at safepoint (normal execution)

VM Mutex/Monitor currently owned by a thread: None

heap address: 0x0000000082000000, size: 2016 MB, Compressed Oops mode: 32-bit
Narrow klass base: 0x0000000000000000, Narrow klass shift: 3
Compressed class space size: 1073741824 Address: 0x0000000100000000

Heap:
 PSYoungGen      total 37888K, used 15358K [0x00000000d6000000, 0x00000000d8a00000, 0x0000000100000000)
  eden space 32768K, 34% used [0x00000000d6000000,0x00000000d6aeba98,0x00000000d8000000)
  from space 5120K, 81% used [0x00000000d8000000,0x00000000d8414030,0x00000000d8500000)
  to   space 5120K, 0% used [0x00000000d8500000,0x00000000d8500000,0x00000000d8a00000)
 ParOldGen       total 86016K, used 80K [0x0000000082000000, 0x0000000087400000, 0x00000000d6000000)
  object space 86016K, 0% used [0x0000000082000000,0x0000000082014010,0x0000000087400000)
 Metaspace       used 16180K, capacity 17310K, committed 17536K, reserved 1064960K
  class space    used 2421K, capacity 2630K, committed 2688K, reserved 1048576K

Card table byte_map: [0x0000000011b90000,0x0000000011f90000] byte_map_base: 0x0000000011780000

Marking Bits: (ParMarkBitMap*) 0x000000006def5ce0
 Begin Bits: [0x0000000012530000, 0x00000000144b0000)
 End Bits:   [0x00000000144b0000, 0x0000000016430000)

Polling page: 0x0000000000840000

CodeCache: size=245760Kb used=5694Kb max_used=5708Kb free=240065Kb
 bounds [0x00000000027d0000, 0x0000000002d70000, 0x00000000117d0000]
 total_blobs=2325 nmethods=1710 adapters=526
 compilation: enabled

Compilation events (10 events):
Event: 1.782 Thread 0x00000000171ca800 1266       4       com.sun.javafx.collections.ObservableListWrapper::get (11 bytes)
Event: 1.783 Thread 0x00000000171ca800 nmethod 1266 0x0000000002d5cb50 code [0x0000000002d5cca0, 0x0000000002d5cd98]
Event: 1.783 Thread 0x00000000171ca800 1569       4       com.sun.javafx.css.PseudoClassState::<init> (5 bytes)
Event: 1.784 Thread 0x00000000171ca800 nmethod 1569 0x0000000002d5ad50 code [0x0000000002d5ae80, 0x0000000002d5aef8]
Event: 1.784 Thread 0x00000000171ca800 1423       4       java.util.HashMap::put (13 bytes)
Event: 1.785 Thread 0x00000000171ca800 nmethod 1423 0x0000000002d5c810 code [0x0000000002d5c960, 0x0000000002d5ca68]
Event: 1.785 Thread 0x00000000171ca800 1685       4       javafx.css.CssMetaData::hashCode (28 bytes)
Event: 1.788 Thread 0x00000000171ca800 nmethod 1685 0x0000000002d60fd0 code [0x0000000002d61100, 0x0000000002d61298]
Event: 1.788 Thread 0x00000000171ca800 1258       4       com.sun.javafx.css.StyleClassSet::getStyleClass (148 bytes)
Event: 1.808 Thread 0x00000000171ca800 nmethod 1258 0x0000000002d65f10 code [0x0000000002d660e0, 0x0000000002d66de8]

GC Heap History (2 events):
Event: 1.308 GC heap before
{Heap before GC invocations=1 (full 0):
 PSYoungGen      total 37888K, used 32768K [0x00000000d6000000, 0x00000000d8a00000, 0x0000000100000000)
  eden space 32768K, 100% used [0x00000000d6000000,0x00000000d8000000,0x00000000d8000000)
  from space 5120K, 0% used [0x00000000d8500000,0x00000000d8500000,0x00000000d8a00000)
  to   space 5120K, 0% used [0x00000000d8000000,0x00000000d8000000,0x00000000d8500000)
 ParOldGen       total 86016K, used 0K [0x0000000082000000, 0x0000000087400000, 0x00000000d6000000)
  object space 86016K, 0% used [0x0000000082000000,0x0000000082000000,0x0000000087400000)
 Metaspace       used 14268K, capacity 14964K, committed 15104K, reserved 1062912K
  class space    used 2113K, capacity 2267K, committed 2304K, reserved 1048576K
Event: 1.315 GC heap after
Heap after GC invocations=1 (full 0):
 PSYoungGen      total 37888K, used 4176K [0x00000000d6000000, 0x00000000d8a00000, 0x0000000100000000)
  eden space 32768K, 0% used [0x00000000d6000000,0x00000000d6000000,0x00000000d8000000)
  from space 5120K, 81% used [0x00000000d8000000,0x00000000d8414030,0x00000000d8500000)
  to   space 5120K, 0% used [0x00000000d8500000,0x00000000d8500000,0x00000000d8a00000)
 ParOldGen       total 86016K, used 80K [0x0000000082000000, 0x0000000087400000, 0x00000000d6000000)
  object space 86016K, 0% used [0x0000000082000000,0x0000000082014010,0x0000000087400000)
 Metaspace       used 14268K, capacity 14964K, committed 15104K, reserved 1062912K
  class space    used 2113K, capacity 2267K, committed 2304K, reserved 1048576K
}

Deoptimization events (10 events):
Event: 0.948 Thread 0x0000000019390800 Uncommon trap: reason=class_check action=maybe_recompile pc=0x0000000002a3cd60 method=java.io.DataInputStream.readShort()S @ 4
Event: 0.961 Thread 0x0000000019390800 Uncommon trap: reason=class_check action=maybe_recompile pc=0x00000000028edf68 method=java.lang.String.equals(Ljava/lang/Object;)Z @ 8
Event: 0.961 Thread 0x0000000019390800 Uncommon trap: reason=class_check action=maybe_recompile pc=0x00000000028edf68 method=java.lang.String.equals(Ljava/lang/Object;)Z @ 8
Event: 0.961 Thread 0x0000000019390800 Uncommon trap: reason=class_check action=maybe_recompile pc=0x00000000028edf68 method=java.lang.String.equals(Ljava/lang/Object;)Z @ 8
Event: 0.963 Thread 0x0000000019390800 Uncommon trap: reason=class_check action=maybe_recompile pc=0x00000000028edf68 method=java.lang.String.equals(Ljava/lang/Object;)Z @ 8
Event: 1.327 Thread 0x0000000019390800 Uncommon trap: reason=unstable_if action=reinterpret pc=0x0000000002b9ecbc method=java.lang.ref.SoftReference.get()Ljava/lang/Object; @ 17
Event: 1.327 Thread 0x0000000019390800 Uncommon trap: reason=unstable_if action=reinterpret pc=0x0000000002b8ea68 method=java.lang.ref.SoftReference.get()Ljava/lang/Object; @ 17
Event: 1.329 Thread 0x0000000019390800 Uncommon trap: reason=unstable_if action=reinterpret pc=0x0000000002b9dfd0 method=java.lang.ref.SoftReference.get()Ljava/lang/Object; @ 17
Event: 1.584 Thread 0x0000000019390800 Uncommon trap: reason=unstable_if action=reinterpret pc=0x0000000002c51fe0 method=com.sun.javafx.css.BitSet.addAll(Ljava/util/Collection;)Z @ 1
Event: 1.676 Thread 0x0000000019390800 Uncommon trap: reason=unstable_if action=reinterpret pc=0x00000000029d9500 method=java.lang.CharacterData.of(I)Ljava/lang/CharacterData; @ 4

Classes redefined (0 events):
No events

Internal exceptions (10 events):
Event: 1.247 Thread 0x0000000019390800 Exception <a 'java/lang/ArrayIndexOutOfBoundsException'> (0x00000000d7c34d70) thrown at [C:\re\workspace\8-2-build-windows-amd64-cygwin\jdk8u202\12323\hotspot\src\share\vm\runtime\sharedRuntime.cpp, line 605]
Event: 1.247 Thread 0x0000000019390800 Exception <a 'java/lang/ArrayIndexOutOfBoundsException'> (0x00000000d7c35d70) thrown at [C:\re\workspace\8-2-build-windows-amd64-cygwin\jdk8u202\12323\hotspot\src\share\vm\runtime\sharedRuntime.cpp, line 605]
Event: 1.247 Thread 0x0000000019390800 Exception <a 'java/lang/ArrayIndexOutOfBoundsException'> (0x00000000d7c375e0) thrown at [C:\re\workspace\8-2-build-windows-amd64-cygwin\jdk8u202\12323\hotspot\src\share\vm\runtime\sharedRuntime.cpp, line 605]
Event: 1.254 Thread 0x0000000019390800 Exception <a 'java/lang/ArrayIndexOutOfBoundsException'> (0x00000000d7c81850) thrown at [C:\re\workspace\8-2-build-windows-amd64-cygwin\jdk8u202\12323\hotspot\src\share\vm\runtime\sharedRuntime.cpp, line 605]
Event: 1.254 Thread 0x0000000019390800 Exception <a 'java/lang/ArrayIndexOutOfBoundsException'> (0x00000000d7c83b78) thrown at [C:\re\workspace\8-2-build-windows-amd64-cygwin\jdk8u202\12323\hotspot\src\share\vm\runtime\sharedRuntime.cpp, line 605]
Event: 1.273 Thread 0x0000000019390800 Exception <a 'java/lang/ArrayIndexOutOfBoundsException'> (0x00000000d7dd18f0) thrown at [C:\re\workspace\8-2-build-windows-amd64-cygwin\jdk8u202\12323\hotspot\src\share\vm\runtime\sharedRuntime.cpp, line 605]
Event: 1.276 Thread 0x0000000019390800 Exception <a 'java/lang/ArrayIndexOutOfBoundsException'> (0x00000000d7e2bc20) thrown at [C:\re\workspace\8-2-build-windows-amd64-cygwin\jdk8u202\12323\hotspot\src\share\vm\runtime\sharedRuntime.cpp, line 605]
Event: 1.584 Thread 0x0000000019390800 Implicit null exception at 0x0000000002c51ab1 to 0x0000000002c51fc9
Event: 1.764 Thread 0x0000000018f2a800 Exception <a 'java/lang/NullPointerException'> (0x00000000d6ab2bb0) thrown at [C:\re\workspace\8-2-build-windows-amd64-cygwin\jdk8u202\12323\hotspot\src\share\vm\interpreter\linkResolver.cpp, line 1287]
Event: 1.771 Thread 0x0000000018f2a800 Exception <a 'java/lang/NullPointerException'> (0x00000000d6aba4d0) thrown at [C:\re\workspace\8-2-build-windows-amd64-cygwin\jdk8u202\12323\hotspot\src\share\vm\interpreter\linkResolver.cpp, line 1287]

Events (10 events):
Event: 1.762 loading class com/sun/javafx/sg/prism/RegionImageCache
Event: 1.762 loading class com/sun/javafx/sg/prism/RegionImageCache done
Event: 1.763 loading class com/sun/prism/impl/BaseResourceFactory$1
Event: 1.763 loading class com/sun/prism/impl/BaseResourceFactory$1 done
Event: 1.764 loading class java/lang/Throwable$WrappedPrintStream
Event: 1.764 loading class java/lang/Throwable$PrintStreamOrWriter
Event: 1.764 loading class java/lang/Throwable$PrintStreamOrWriter done
Event: 1.764 loading class java/lang/Throwable$WrappedPrintStream done
Event: 1.764 loading class java/util/IdentityHashMap$KeySet
Event: 1.764 loading class java/util/IdentityHashMap$KeySet done


Dynamic libraries:
0x00007ff6824c0000 - 0x00007ff6824f7000 	C:\Program Files\Java\jre1.8.0_202\bin\javaw.exe
0x00007ffd0bbf0000 - 0x00007ffd0bde5000 	C:\WINDOWS\SYSTEM32\ntdll.dll
0x00007ffd0b390000 - 0x00007ffd0b44e000 	C:\WINDOWS\System32\KERNEL32.DLL
0x00007ffd09720000 - 0x00007ffd099e8000 	C:\WINDOWS\System32\KERNELBASE.dll
0x00007ffd0b060000 - 0x00007ffd0b10e000 	C:\WINDOWS\System32\ADVAPI32.dll
0x00007ffd0b460000 - 0x00007ffd0b4fe000 	C:\WINDOWS\System32\msvcrt.dll
0x00007ffd09dc0000 - 0x00007ffd09e5c000 	C:\WINDOWS\System32\sechost.dll
0x00007ffd0a1c0000 - 0x00007ffd0a2e5000 	C:\WINDOWS\System32\RPCRT4.dll
0x00007ffd0a010000 - 0x00007ffd0a1b0000 	C:\WINDOWS\System32\USER32.dll
0x00007ffd09310000 - 0x00007ffd09332000 	C:\WINDOWS\System32\win32u.dll
0x00007ffd0b180000 - 0x00007ffd0b1ab000 	C:\WINDOWS\System32\GDI32.dll
0x00007ffd09580000 - 0x00007ffd0968b000 	C:\WINDOWS\System32\gdi32full.dll
0x00007ffd094e0000 - 0x00007ffd0957d000 	C:\WINDOWS\System32\msvcp_win.dll
0x00007ffd099f0000 - 0x00007ffd09af0000 	C:\WINDOWS\System32\ucrtbase.dll
0x00007ffcf5110000 - 0x00007ffcf53aa000 	C:\WINDOWS\WinSxS\amd64_microsoft.windows.common-controls_6595b64144ccf1df_6.0.19041.1110_none_60b5254171f9507e\COMCTL32.dll
0x00007ffd09d30000 - 0x00007ffd09d60000 	C:\WINDOWS\System32\IMM32.DLL
0x000000006e240000 - 0x000000006e312000 	C:\Program Files\Java\jre1.8.0_202\bin\msvcr100.dll
0x000000006d6d0000 - 0x000000006df75000 	C:\Program Files\Java\jre1.8.0_202\bin\server\jvm.dll
0x00007ffd0b450000 - 0x00007ffd0b458000 	C:\WINDOWS\System32\PSAPI.DLL
0x00007ffd04360000 - 0x00007ffd04369000 	C:\WINDOWS\SYSTEM32\WSOCK32.dll
0x00007ffd0b110000 - 0x00007ffd0b17b000 	C:\WINDOWS\System32\WS2_32.dll
0x00007ffcf2040000 - 0x00007ffcf2067000 	C:\WINDOWS\SYSTEM32\WINMM.dll
0x00007ffd07ac0000 - 0x00007ffd07aca000 	C:\WINDOWS\SYSTEM32\VERSION.dll
0x00007ffd03150000 - 0x00007ffd0315f000 	C:\Program Files\Java\jre1.8.0_202\bin\verify.dll
0x00007ffd01900000 - 0x00007ffd01929000 	C:\Program Files\Java\jre1.8.0_202\bin\java.dll
0x00007ffd01050000 - 0x00007ffd01066000 	C:\Program Files\Java\jre1.8.0_202\bin\zip.dll
0x00007ffd0a2f0000 - 0x00007ffd0aa34000 	C:\WINDOWS\System32\SHELL32.dll
0x00007ffd07100000 - 0x00007ffd07894000 	C:\WINDOWS\SYSTEM32\windows.storage.dll
0x00007ffd0ac20000 - 0x00007ffd0af74000 	C:\WINDOWS\System32\combase.dll
0x00007ffd08bc0000 - 0x00007ffd08bec000 	C:\WINDOWS\SYSTEM32\Wldp.dll
0x00007ffd0b280000 - 0x00007ffd0b32d000 	C:\WINDOWS\System32\SHCORE.dll
0x00007ffd09d60000 - 0x00007ffd09db5000 	C:\WINDOWS\System32\shlwapi.dll
0x00007ffd09250000 - 0x00007ffd0926f000 	C:\WINDOWS\SYSTEM32\profapi.dll
0x0000000000880000 - 0x0000000000883000 	C:\Program Files\Java\jre1.8.0_202\bin\api-ms-win-core-console-l1-1-0.dll
0x0000000000d90000 - 0x0000000000d93000 	C:\Program Files\Java\jre1.8.0_202\bin\api-ms-win-core-datetime-l1-1-0.dll
0x0000000002790000 - 0x0000000002793000 	C:\Program Files\Java\jre1.8.0_202\bin\api-ms-win-core-debug-l1-1-0.dll
0x00000000027a0000 - 0x00000000027a3000 	C:\Program Files\Java\jre1.8.0_202\bin\api-ms-win-core-errorhandling-l1-1-0.dll
0x00000000027b0000 - 0x00000000027b4000 	C:\Program Files\Java\jre1.8.0_202\bin\api-ms-win-core-file-l1-1-0.dll
0x0000000019140000 - 0x0000000019143000 	C:\Program Files\Java\jre1.8.0_202\bin\api-ms-win-core-file-l1-2-0.dll
0x0000000019150000 - 0x0000000019153000 	C:\Program Files\Java\jre1.8.0_202\bin\api-ms-win-core-file-l2-1-0.dll
0x0000000019160000 - 0x0000000019163000 	C:\Program Files\Java\jre1.8.0_202\bin\api-ms-win-core-handle-l1-1-0.dll
0x0000000019170000 - 0x0000000019173000 	C:\Program Files\Java\jre1.8.0_202\bin\api-ms-win-core-heap-l1-1-0.dll
0x0000000019180000 - 0x0000000019183000 	C:\Program Files\Java\jre1.8.0_202\bin\api-ms-win-core-interlocked-l1-1-0.dll
0x0000000019190000 - 0x0000000019193000 	C:\Program Files\Java\jre1.8.0_202\bin\api-ms-win-core-libraryloader-l1-1-0.dll
0x00000000191a0000 - 0x00000000191a3000 	C:\Program Files\Java\jre1.8.0_202\bin\api-ms-win-core-localization-l1-2-0.dll
0x00000000191b0000 - 0x00000000191b3000 	C:\Program Files\Java\jre1.8.0_202\bin\api-ms-win-core-memory-l1-1-0.dll
0x00000000191c0000 - 0x00000000191c3000 	C:\Program Files\Java\jre1.8.0_202\bin\api-ms-win-core-namedpipe-l1-1-0.dll
0x00000000191d0000 - 0x00000000191d3000 	C:\Program Files\Java\jre1.8.0_202\bin\api-ms-win-core-processenvironment-l1-1-0.dll
0x00000000191e0000 - 0x00000000191e3000 	C:\Program Files\Java\jre1.8.0_202\bin\api-ms-win-core-processthreads-l1-1-0.dll
0x00000000191f0000 - 0x00000000191f3000 	C:\Program Files\Java\jre1.8.0_202\bin\api-ms-win-core-processthreads-l1-1-1.dll
0x0000000019200000 - 0x0000000019203000 	C:\Program Files\Java\jre1.8.0_202\bin\api-ms-win-core-profile-l1-1-0.dll
0x0000000019210000 - 0x0000000019213000 	C:\Program Files\Java\jre1.8.0_202\bin\api-ms-win-core-rtlsupport-l1-1-0.dll
0x0000000019220000 - 0x0000000019223000 	C:\Program Files\Java\jre1.8.0_202\bin\api-ms-win-core-string-l1-1-0.dll
0x0000000019230000 - 0x0000000019233000 	C:\Program Files\Java\jre1.8.0_202\bin\api-ms-win-core-synch-l1-1-0.dll
0x0000000019240000 - 0x0000000019243000 	C:\Program Files\Java\jre1.8.0_202\bin\api-ms-win-core-synch-l1-2-0.dll
0x0000000019250000 - 0x0000000019253000 	C:\Program Files\Java\jre1.8.0_202\bin\api-ms-win-core-sysinfo-l1-1-0.dll
0x0000000019260000 - 0x0000000019263000 	C:\Program Files\Java\jre1.8.0_202\bin\api-ms-win-core-timezone-l1-1-0.dll
0x0000000019270000 - 0x0000000019273000 	C:\Program Files\Java\jre1.8.0_202\bin\api-ms-win-core-util-l1-1-0.dll
0x0000000019280000 - 0x0000000019283000 	C:\Program Files\Java\jre1.8.0_202\bin\api-ms-win-crt-conio-l1-1-0.dll
0x0000000019290000 - 0x0000000019294000 	C:\Program Files\Java\jre1.8.0_202\bin\api-ms-win-crt-convert-l1-1-0.dll
0x00000000192a0000 - 0x00000000192a3000 	C:\Program Files\Java\jre1.8.0_202\bin\api-ms-win-crt-environment-l1-1-0.dll
0x00000000192b0000 - 0x00000000192b3000 	C:\Program Files\Java\jre1.8.0_202\bin\api-ms-win-crt-filesystem-l1-1-0.dll
0x00000000192c0000 - 0x00000000192c3000 	C:\Program Files\Java\jre1.8.0_202\bin\api-ms-win-crt-heap-l1-1-0.dll
0x00000000192d0000 - 0x00000000192d3000 	C:\Program Files\Java\jre1.8.0_202\bin\api-ms-win-crt-locale-l1-1-0.dll
0x00000000192e0000 - 0x00000000192e5000 	C:\Program Files\Java\jre1.8.0_202\bin\api-ms-win-crt-math-l1-1-0.dll
0x00000000192f0000 - 0x00000000192f5000 	C:\Program Files\Java\jre1.8.0_202\bin\api-ms-win-crt-multibyte-l1-1-0.dll
0x0000000019300000 - 0x0000000019310000 	C:\Program Files\Java\jre1.8.0_202\bin\api-ms-win-crt-private-l1-1-0.dll
0x0000000019310000 - 0x0000000019313000 	C:\Program Files\Java\jre1.8.0_202\bin\api-ms-win-crt-process-l1-1-0.dll
0x0000000019320000 - 0x0000000019324000 	C:\Program Files\Java\jre1.8.0_202\bin\api-ms-win-crt-runtime-l1-1-0.dll
0x0000000019330000 - 0x0000000019334000 	C:\Program Files\Java\jre1.8.0_202\bin\api-ms-win-crt-stdio-l1-1-0.dll
0x0000000019340000 - 0x0000000019344000 	C:\Program Files\Java\jre1.8.0_202\bin\api-ms-win-crt-string-l1-1-0.dll
0x0000000019350000 - 0x0000000019353000 	C:\Program Files\Java\jre1.8.0_202\bin\api-ms-win-crt-time-l1-1-0.dll
0x0000000019360000 - 0x0000000019363000 	C:\Program Files\Java\jre1.8.0_202\bin\api-ms-win-crt-utility-l1-1-0.dll
0x00007ffcd57d0000 - 0x00007ffcd58c6000 	C:\Program Files\Java\jre1.8.0_202\bin\ucrtbase.dll
0x00007ffd01950000 - 0x00007ffd01966000 	C:\Program Files\Java\jre1.8.0_202\bin\vcruntime140.dll
0x00007ffccb890000 - 0x00007ffccb92c000 	C:\Program Files\Java\jre1.8.0_202\bin\msvcp140.dll
0x00007ffce7420000 - 0x00007ffce7471000 	C:\Program Files\Java\jre1.8.0_202\bin\concrt140.dll
0x00007ffcd5b70000 - 0x00007ffcd5b93000 	C:\Program Files\Java\jre1.8.0_202\bin\prism_d3d.dll
0x00007ffcd0270000 - 0x00007ffcd043f000 	C:\WINDOWS\system32\d3d9.dll
0x00007ffd07bc0000 - 0x00007ffd07bd2000 	C:\WINDOWS\SYSTEM32\kernel.appcore.dll
0x00007ffd06ae0000 - 0x00007ffd06b0f000 	C:\WINDOWS\SYSTEM32\dwmapi.dll
0x00007ffd067a0000 - 0x00007ffd0683e000 	C:\WINDOWS\system32\uxtheme.dll
0x00007ffcd0100000 - 0x00007ffcd0263000 	C:\WINDOWS\System32\DriverStore\FileRepository\iigd_dch.inf_amd64_a086f01cc7be643a\igdumdim64.dll
0x00007ffd09340000 - 0x00007ffd09367000 	C:\WINDOWS\System32\bcrypt.dll
0x00007ffcc3810000 - 0x00007ffcc7214000 	C:\WINDOWS\System32\DriverStore\FileRepository\iigd_dch.inf_amd64_a086f01cc7be643a\igd9dxva64.dll
0x00007ffd0b500000 - 0x00007ffd0b62a000 	C:\WINDOWS\System32\ole32.dll
0x00007ffd0b1b0000 - 0x00007ffd0b27d000 	C:\WINDOWS\System32\OLEAUT32.dll
0x00007ffd0b740000 - 0x00007ffd0bbb0000 	C:\WINDOWS\System32\SETUPAPI.dll
0x00007ffd093e0000 - 0x00007ffd0942e000 	C:\WINDOWS\System32\cfgmgr32.dll
0x00007ffcfec90000 - 0x00007ffcfeecf000 	C:\WINDOWS\System32\DriverStore\FileRepository\iigd_dch.inf_amd64_a086f01cc7be643a\igdgmm64.dll
0x00007ffcd5930000 - 0x00007ffcd5979000 	C:\Program Files\Java\jre1.8.0_202\bin\glass.dll
0x00007ffd0af80000 - 0x00007ffd0b05b000 	C:\WINDOWS\System32\COMDLG32.dll
0x00007ffd0ab00000 - 0x00007ffd0ac16000 	C:\WINDOWS\System32\MSCTF.dll
0x00007ffd09690000 - 0x00007ffd09712000 	C:\WINDOWS\System32\bcryptPrimitives.dll
0x00007ffcd8f90000 - 0x00007ffcd8fb7000 	C:\WINDOWS\System32\DriverStore\FileRepository\iigd_dch.inf_amd64_a086f01cc7be643a\igdinfo64.dll
0x00007ffcfbfb0000 - 0x00007ffcfec12000 	C:\WINDOWS\System32\DriverStore\FileRepository\iigd_dch.inf_amd64_a086f01cc7be643a\igc64.dll
0x00007ffd008f0000 - 0x00007ffd0092b000 	C:\WINDOWS\SYSTEM32\dxcore.dll
0x00007ffcf4100000 - 0x00007ffcf4114000 	C:\Program Files\Java\jre1.8.0_202\bin\javafx_font.dll
0x00007ffce7060000 - 0x00007ffce72df000 	C:\WINDOWS\SYSTEM32\dwrite.dll
0x00007ffd0b630000 - 0x00007ffd0b6d9000 	C:\WINDOWS\System32\clbcatq.dll
0x00007ffd03950000 - 0x00007ffd03b04000 	C:\WINDOWS\SYSTEM32\WindowsCodecs.dll
0x00007ffcef1b0000 - 0x00007ffcef1ee000 	C:\WINDOWS\system32\dataexchange.dll
0x00007ffd04780000 - 0x00007ffd049e4000 	C:\WINDOWS\system32\d3d11.dll
0x00007ffd05770000 - 0x00007ffd05955000 	C:\WINDOWS\system32\dcomp.dll
0x00007ffd07d00000 - 0x00007ffd07df3000 	C:\WINDOWS\system32\dxgi.dll
0x00007ffd03b50000 - 0x00007ffd03d51000 	C:\WINDOWS\system32\twinapi.appcore.dll
0x00007ffcd5b30000 - 0x00007ffcd5b64000 	C:\Program Files\Common Files\Microsoft Shared\Ink\rtscom.dll
0x00007ffcf8ee0000 - 0x00007ffcf8fd9000 	C:\WINDOWS\SYSTEM32\textinputframework.dll
0x00007ffd05960000 - 0x00007ffd05cbe000 	C:\WINDOWS\System32\CoreUIComponents.dll
0x00007ffd06240000 - 0x00007ffd06332000 	C:\WINDOWS\System32\CoreMessaging.dll
0x00007ffd07fd0000 - 0x00007ffd08003000 	C:\WINDOWS\SYSTEM32\ntmarta.dll
0x00007ffd04e50000 - 0x00007ffd04fa4000 	C:\WINDOWS\SYSTEM32\wintypes.dll

VM Arguments:
jvm_args: -Dfile.encoding=Cp1252 
java_command: sn.umapp.UMApplication
java_class_path (initial): C:\Users\nabyFall\eclipse-workspace\app-manager-user\bin;C:\eclipse\eclipse-jse-2018\plugins\org.eclipse.fx.ide.css.jfx8_3.4.1.201810030906.jar
Launcher Type: SUN_STANDARD

Environment Variables:
JAVA_HOME=C:\Program Files\Java\jdk1.8.0_202\bin
PATH=C:/Program Files/Java/jre1.8.0_202/bin/server;C:/Program Files/Java/jre1.8.0_202/bin;C:/Program Files/Java/jre1.8.0_202/lib/amd64;C:\Program Files\Common Files\Oracle\Java\javapath;C:\Program Files (x86)\Common Files\Oracle\Java\javapath;C:\Python310\Scripts\;C:\Python310\;C:\WINDOWS\system32;C:\WINDOWS;C:\WINDOWS\System32\Wbem;C:\WINDOWS\System32\WindowsPowerShell\v1.0\;C:\WINDOWS\System32\OpenSSH\;C:\Program Files\nodejs\;C:\ProgramData\chocolatey\bin;C:\Program Files\Microsoft VS Code\bin;C:\Program Files\Docker\Docker\resources\bin;C:\ProgramData\DockerDesktop\version-bin;C:\xampp\php;C:\xampp\mysql\bin;C:\Program Files\Microsoft SQL Server\150\Tools\Binn\;C:\Program Files\Microsoft SQL Server\Client SDK\ODBC\170\Tools\Binn\;C:\Program Files\dotnet\;C:\Program Files\Symfony;C:\composer;C:\Program Files (x86)\Intel\Intel(R) Management Engine Components\DAL;C:\Program Files\Intel\Intel(R) Management Engine Components\DAL;C:\Program Files\MongoDB\Server\5.0\bin;C:\apache-maven-3.8.4\bin;C:\Program Files\CodeBlocks\MinGW\bin;C:\Program Files\Java\jdk1.8.0_202\bin;C:\Program Files\Java\jdk-11.0.12\bin;C:\Program Files\Git\cmd;C:\Program Files (x86)\Oracle\JavaFX Scene Builder 2.0\runtime\jre\bin;C:\Users\nabyFall\AppData\Local\Microsoft\WindowsApps;C:\Users\nabyFall\AppData\Roaming\npm;C:\Users\nabyFall\.dotnet\tools;C:\Users\nabyFall\AppData\Roaming\Composer\vendor\bin;C:\Program Files\JetBrains\IntelliJ IDEA 2019.1.2\bin;;C:\Program Files\JetBrains\PhpStorm 2020.2.1\bin;;C:\eclipse\eclipse-jse-2018;
USERNAME=nabyFall
OS=Windows_NT
PROCESSOR_IDENTIFIER=Intel64 Family 6 Model 78 Stepping 3, GenuineIntel



---------------  S Y S T E M  ---------------

OS: Windows 10.0 , 64 bit Build 19041 (10.0.19041.1566)

CPU:total 4 (initial active 4) (2 cores per cpu, 2 threads per core) family 6 model 78 stepping 3, cmov, cx8, fxsr, mmx, sse, sse2, sse3, ssse3, sse4.1, sse4.2, popcnt, avx, avx2, aes, clmul, erms, 3dnowpref, lzcnt, ht, tsc, tscinvbit, bmi1, bmi2, adx

Memory: 4k page, physical 8257008k(1688780k free), swap 17205116k(5840k free)

vm_info: Java HotSpot(TM) 64-Bit Server VM (25.202-b08) for windows-amd64 JRE (1.8.0_202-b08), built on Dec 15 2018 19:54:30 by "java_re" with MS VC++ 10.0 (VS2010)

time: Wed Mar 30 15:36:44 2022
timezone: Greenwich
elapsed time: 1 seconds (0d 0h 0m 1s)

